<?xml version="1.0" encoding="UTF-8" standalone="yes"?><!DOCTYPE report PUBLIC "-//JACOCO//DTD Report 1.0//EN" "report.dtd"><report name="SchemaSpy"><sessioninfo id="" start="1589413727104" dump="1589413728047"/><sessioninfo id="org.schemaspy.DbAnalyzerTest testGetImpliedConstraints" start="1589413728053" dump="1589413729376"/><sessioninfo id="" start="1589413729395" dump="1589413729396"/><sessioninfo id="org.schemaspy.DbAnalyzerTest testGetImpliedConstraintsWithObscureTableAndColumnNames" start="1589413729398" dump="1589413729400"/><sessioninfo id="" start="1589413729403" dump="1589413729404"/><sessioninfo id="org.schemaspy.DbAnalyzerTest testGetRailsConstraints" start="1589413729406" dump="1589413729406"/><sessioninfo id="" start="1589413729408" dump="1589413729415"/><sessioninfo id="org.schemaspy.ConfigTest testLoadJars" start="1589413729417" dump="1589413729434"/><sessioninfo id="" start="1589413729436" dump="1589413729436"/><sessioninfo id="org.schemaspy.ConfigTest propertiesShouldHaveTrailingSpacesTrimmed" start="1589413729438" dump="1589413729498"/><sessioninfo id="" start="1589413729500" dump="1589413729501"/><sessioninfo id="org.schemaspy.ConfigTest testLoadProperties" start="1589413729502" dump="1589413729515"/><sessioninfo id="" start="1589413729518" dump="1589413729519"/><sessioninfo id="org.schemaspy.ConfigTest determineDdPropertiesWillExtend" start="1589413729520" dump="1589413729563"/><sessioninfo id="" start="1589413729565" dump="1589413729566"/><sessioninfo id="org.schemaspy.ConfigTest determineDbPropertiesNotOnClasspath" start="1589413729567" dump="1589413729570"/><sessioninfo id="" start="1589413729572" dump="1589413729572"/><sessioninfo id="org.schemaspy.ConfigTest exportedKeysCanBeDisabled" start="1589413729573" dump="1589413729574"/><sessioninfo id="" start="1589413729575" dump="1589413729576"/><sessioninfo id="org.schemaspy.ConfigTest exportedKeysIsEnabledByDefault" start="1589413729577" dump="1589413729578"/><sessioninfo id="" start="1589413729579" dump="1589413729580"/><sessioninfo id="org.schemaspy.ConfigTest testConfig" start="1589413729581" dump="1589413729581"/><sessioninfo id="" start="1589413729583" dump="1589413729584"/><sessioninfo id="org.schemaspy.ConfigTest propertiesShouldHaveTrailingSpaces" start="1589413729585" dump="1589413729588"/><sessioninfo id="" start="1589413729590" dump="1589413729590"/><sessioninfo id="org.schemaspy.ConfigTest determineDbPropertiesWillInclude" start="1589413729591" dump="1589413729597"/><sessioninfo id="" start="1589413729599" dump="1589413729626"/><sessioninfo id="org.schemaspy.TableOrdererTest validateSorting" start="1589413729628" dump="1589413729649"/><sessioninfo id="" start="1589413729653" dump="1589413729678"/><sessioninfo id="org.schemaspy.output.diagram.graphviz.GraphvizVersionTest testCompareTo" start="1589413729680" dump="1589413729681"/><sessioninfo id="" start="1589413729682" dump="1589413729682"/><sessioninfo id="org.schemaspy.output.diagram.graphviz.GraphvizVersionTest testExtractMac2222" start="1589413729684" dump="1589413729684"/><sessioninfo id="" start="1589413729685" dump="1589413729686"/><sessioninfo id="org.schemaspy.output.diagram.graphviz.GraphvizVersionTest testExtract2203" start="1589413729687" dump="1589413729687"/><sessioninfo id="" start="1589413729688" dump="1589413729689"/><sessioninfo id="org.schemaspy.output.diagram.graphviz.GraphvizVersionTest testEquals" start="1589413729690" dump="1589413729690"/><sessioninfo id="" start="1589413729692" dump="1589413729692"/><sessioninfo id="org.schemaspy.output.diagram.graphviz.GraphvizVersionTest testNotEquals" start="1589413729693" dump="1589413729694"/><sessioninfo id="" start="1589413729695" dump="1589413729715"/><sessioninfo id="org.schemaspy.output.diagram.graphviz.GraphvizDotTest specifyRenderer" start="1589413729717" dump="1589413729742"/><sessioninfo id="" start="1589413729745" dump="1589413729745"/><sessioninfo id="org.schemaspy.output.diagram.graphviz.GraphvizDotTest version2_26_0" start="1589413729747" dump="1589413729783"/><sessioninfo id="" start="1589413729796" dump="1589413729797"/><sessioninfo id="org.schemaspy.output.diagram.graphviz.GraphvizDotTest version2_28_0" start="1589413729798" dump="1589413729806"/><sessioninfo id="" start="1589413729811" dump="1589413729811"/><sessioninfo id="org.schemaspy.output.diagram.graphviz.GraphvizDotTest version2_32_0" start="1589413729812" dump="1589413729819"/><sessioninfo id="" start="1589413729824" dump="1589413738345"/><sessioninfo id="org.schemaspy.output.diagram.vizjs.VizJSDotTest transformDotToSvg" start="1589413738360" dump="1589413748039"/><sessioninfo id="" start="1589413748053" dump="1589413748354"/><sessioninfo id="org.schemaspy.output.html.mustache.diagrams.MustacheDiagramFactoryTest generateOrphanDiagram" start="1589413748364" dump="1589413748367"/><sessioninfo id="" start="1589413748369" dump="1589413748371"/><sessioninfo id="org.schemaspy.output.html.mustache.diagrams.MustacheDiagramFactoryTest generateSummaryDiagram" start="1589413748372" dump="1589413748373"/><sessioninfo id="" start="1589413748375" dump="1589413748375"/><sessioninfo id="org.schemaspy.output.html.mustache.diagrams.MustacheDiagramFactoryTest generateTableDiagram" start="1589413748377" dump="1589413748378"/><sessioninfo id="" start="1589413748380" dump="1589413748415"/><sessioninfo id="org.schemaspy.output.html.mustache.diagrams.MustacheSummaryDiagramFactoryTest realAndImpliedDiagrams" start="1589413748417" dump="1589413748702"/><sessioninfo id="" start="1589413748712" dump="1589413748712"/><sessioninfo id="org.schemaspy.output.html.mustache.diagrams.MustacheSummaryDiagramFactoryTest noDiagrams" start="1589413748714" dump="1589413748716"/><sessioninfo id="" start="1589413748719" dump="1589413748719"/><sessioninfo id="org.schemaspy.output.html.mustache.diagrams.MustacheSummaryDiagramFactoryTest realDiagrams" start="1589413748720" dump="1589413748723"/><sessioninfo id="" start="1589413748726" dump="1589413748726"/><sessioninfo id="org.schemaspy.output.html.mustache.diagrams.MustacheSummaryDiagramFactoryTest exceptionsAreCaught" start="1589413748727" dump="1589413748733"/><sessioninfo id="" start="1589413748736" dump="1589413748739"/><sessioninfo id="org.schemaspy.output.html.mustache.diagrams.MustacheTableDiagramFactoryTest fourDiagramsTwoIsImplied" start="1589413748750" dump="1589413748757"/><sessioninfo id="" start="1589413748759" dump="1589413748760"/><sessioninfo id="org.schemaspy.output.html.mustache.diagrams.MustacheTableDiagramFactoryTest fourDiagramsTwoIsImpliedOnly1stDegreeOfSeparation" start="1589413748769" dump="1589413748772"/><sessioninfo id="" start="1589413748774" dump="1589413748775"/><sessioninfo id="org.schemaspy.output.html.mustache.diagrams.MustacheTableDiagramFactoryTest onlyOneDiagram" start="1589413748776" dump="1589413748778"/><sessioninfo id="" start="1589413748781" dump="1589413748781"/><sessioninfo id="org.schemaspy.output.html.mustache.diagrams.MustacheTableDiagramFactoryTest onlyTwoDiagram" start="1589413748782" dump="1589413748784"/><sessioninfo id="" start="1589413748787" dump="1589413748787"/><sessioninfo id="org.schemaspy.output.html.mustache.diagrams.MustacheTableDiagramFactoryTest oneDiagrams" start="1589413748789" dump="1589413748790"/><sessioninfo id="" start="1589413748793" dump="1589413748794"/><sessioninfo id="org.schemaspy.output.html.mustache.diagrams.MustacheTableDiagramFactoryTest threeDiagramsOneIsImplied" start="1589413748795" dump="1589413748798"/><sessioninfo id="" start="1589413748801" dump="1589413748803"/><sessioninfo id="org.schemaspy.output.dot.schemaspy.HtmlTest willEscapeEverything" start="1589413748804" dump="1589413748805"/><sessioninfo id="" start="1589413748808" dump="1589413748808"/><sessioninfo id="org.schemaspy.output.dot.schemaspy.HtmlTest willAmpersandQuote" start="1589413748809" dump="1589413748809"/><sessioninfo id="" start="1589413748811" dump="1589413748811"/><sessioninfo id="org.schemaspy.output.dot.schemaspy.HtmlTest willEscapeQuotation" start="1589413748812" dump="1589413748813"/><sessioninfo id="" start="1589413748819" dump="1589413748819"/><sessioninfo id="org.schemaspy.output.dot.schemaspy.HtmlTest willEscapeGreaterThan" start="1589413748820" dump="1589413748821"/><sessioninfo id="" start="1589413748822" dump="1589413748822"/><sessioninfo id="org.schemaspy.output.dot.schemaspy.HtmlTest willEscapeLesserThan" start="1589413748825" dump="1589413748825"/><sessioninfo id="" start="1589413748826" dump="1589413748827"/><sessioninfo id="org.schemaspy.output.dot.schemaspy.HtmlTest willEscapeApostropheQuote" start="1589413748828" dump="1589413748828"/><sessioninfo id="" start="1589413748829" dump="1589413748834"/><sessioninfo id="org.schemaspy.output.dot.schemaspy.ResourceFinderTest canFindInUserHomeDirRootSubPath" start="1589413748836" dump="1589413748839"/><sessioninfo id="" start="1589413748840" dump="1589413748841"/><sessioninfo id="org.schemaspy.output.dot.schemaspy.ResourceFinderTest canFindInWorkDirRootSubPath" start="1589413748842" dump="1589413748843"/><sessioninfo id="" start="1589413748845" dump="1589413748845"/><sessioninfo id="org.schemaspy.output.dot.schemaspy.ResourceFinderTest canFindInClasspathSubPath" start="1589413748846" dump="1589413748847"/><sessioninfo id="" start="1589413748848" dump="1589413748849"/><sessioninfo id="org.schemaspy.output.dot.schemaspy.ResourceFinderTest canFindInClasspathRoot" start="1589413748850" dump="1589413748850"/><sessioninfo id="" start="1589413748852" dump="1589413748852"/><sessioninfo id="org.schemaspy.output.dot.schemaspy.ResourceFinderTest canFindInUserHomeDirRoot" start="1589413748853" dump="1589413748854"/><sessioninfo id="" start="1589413748856" dump="1589413748856"/><sessioninfo id="org.schemaspy.output.dot.schemaspy.ResourceFinderTest canFindInWorkDirRoot" start="1589413748857" dump="1589413748858"/><sessioninfo id="" start="1589413748859" dump="1589413748864"/><sessioninfo id="org.schemaspy.output.dot.schemaspy.DotNodeTest urlEncodeLink" start="1589413748866" dump="1589413749033"/><sessioninfo id="" start="1589413749036" dump="1589413749036"/><sessioninfo id="org.schemaspy.output.dot.schemaspy.DotNodeTest escapeHtml" start="1589413749037" dump="1589413749038"/><sessioninfo id="" start="1589413749040" dump="1589413749040"/><sessioninfo id="org.schemaspy.output.dot.schemaspy.DotNodeTest urlForRemoteInRootNonRelative" start="1589413749041" dump="1589413749042"/><sessioninfo id="" start="1589413749045" dump="1589413749045"/><sessioninfo id="org.schemaspy.output.dot.schemaspy.DotNodeTest htmlEscapeDetailedSize" start="1589413749046" dump="1589413749047"/><sessioninfo id="" start="1589413749050" dump="1589413749050"/><sessioninfo id="org.schemaspy.output.dot.schemaspy.DotNodeTest urlForRemoteNotInRootNonRelative" start="1589413749051" dump="1589413749052"/><sessioninfo id="" start="1589413749055" dump="1589413749055"/><sessioninfo id="org.schemaspy.output.dot.schemaspy.DotNodeTest htmlEscapeShortType" start="1589413749056" dump="1589413749057"/><sessioninfo id="" start="1589413749059" dump="1589413749061"/><sessioninfo id="org.schemaspy.output.dot.schemaspy.StyleSheetTest canGetExcludedColumnBackgroundColor" start="1589413749065" dump="1589413749065"/><sessioninfo id="" start="1589413749066" dump="1589413749067"/><sessioninfo id="org.schemaspy.output.dot.schemaspy.StyleSheetTest canGetTableHeadBackground" start="1589413749068" dump="1589413749068"/><sessioninfo id="" start="1589413749069" dump="1589413749070"/><sessioninfo id="org.schemaspy.output.dot.schemaspy.StyleSheetTest canGetTableBackground" start="1589413749071" dump="1589413749073"/><sessioninfo id="" start="1589413749075" dump="1589413749075"/><sessioninfo id="org.schemaspy.output.dot.schemaspy.StyleSheetTest canGetIndexedColumnBackground" start="1589413749076" dump="1589413749076"/><sessioninfo id="" start="1589413749078" dump="1589413749078"/><sessioninfo id="org.schemaspy.output.dot.schemaspy.StyleSheetTest canGetBodyBackground" start="1589413749079" dump="1589413749079"/><sessioninfo id="" start="1589413749080" dump="1589413749093"/><sessioninfo id="org.schemaspy.output.xml.dom.XmlColumnFormatterTest appendColumn" start="1589413749095" dump="1589413749271"/><sessioninfo id="" start="1589413749274" dump="1589413749278"/><sessioninfo id="org.schemaspy.output.xml.dom.XmlRoutineFormatterTest noCommentNoDefinitionLanguage" start="1589413749280" dump="1589413749302"/><sessioninfo id="" start="1589413749304" dump="1589413749304"/><sessioninfo id="org.schemaspy.output.xml.dom.XmlRoutineFormatterTest full" start="1589413749305" dump="1589413749320"/><sessioninfo id="" start="1589413749322" dump="1589413749322"/><sessioninfo id="org.schemaspy.output.xml.dom.XmlRoutineFormatterTest noComment" start="1589413749323" dump="1589413749328"/><sessioninfo id="" start="1589413749330" dump="1589413749331"/><sessioninfo id="org.schemaspy.output.xml.dom.XmlRoutineFormatterTest noCommentNoDefinitionLanguageNoDefinition" start="1589413749332" dump="1589413749336"/><sessioninfo id="" start="1589413749338" dump="1589413749353"/><sessioninfo id="org.schemaspy.output.xml.dom.XmlIndexFormatterTest appendIndex" start="1589413749354" dump="1589413749358"/><sessioninfo id="" start="1589413749360" dump="1589413749364"/><sessioninfo id="org.schemaspy.output.xml.dom.XmlTableFormatterTest withCheckConstraint" start="1589413749366" dump="1589413749374"/><sessioninfo id="" start="1589413749377" dump="1589413749378"/><sessioninfo id="org.schemaspy.util.InflectionTest singularize" start="1589413749379" dump="1589413749384"/><sessioninfo id="" start="1589413749386" dump="1589413749386"/><sessioninfo id="org.schemaspy.util.InflectionTest pluralize" start="1589413749387" dump="1589413749387"/><sessioninfo id="" start="1589413749388" dump="1589413749388"/><sessioninfo id="org.schemaspy.util.InflectionTest uncountable" start="1589413749389" dump="1589413749390"/><sessioninfo id="" start="1589413749391" dump="1589413749392"/><sessioninfo id="org.schemaspy.util.CaseInsensitiveMapTest nullPutIsNotSupported" start="1589413749394" dump="1589413749394"/><sessioninfo id="" start="1589413749395" dump="1589413749395"/><sessioninfo id="org.schemaspy.util.CaseInsensitiveMapTest putGetContainsKey" start="1589413749396" dump="1589413749397"/><sessioninfo id="" start="1589413749398" dump="1589413749398"/><sessioninfo id="org.schemaspy.util.CaseInsensitiveMapTest putAll" start="1589413749399" dump="1589413749400"/><sessioninfo id="" start="1589413749402" dump="1589413749402"/><sessioninfo id="org.schemaspy.util.CaseInsensitiveMapTest remove" start="1589413749403" dump="1589413749403"/><sessioninfo id="" start="1589413749405" dump="1589413749405"/><sessioninfo id="org.schemaspy.util.CaseInsensitiveMapTest nullRemoveNotSupported" start="1589413749406" dump="1589413749406"/><sessioninfo id="" start="1589413749407" dump="1589413749407"/><sessioninfo id="org.schemaspy.util.CaseInsensitiveMapTest nullGetIsSupported" start="1589413749409" dump="1589413749409"/><sessioninfo id="" start="1589413749411" dump="1589413749411"/><sessioninfo id="org.schemaspy.util.CaseInsensitiveMapTest nullContainsKeyNotSupported" start="1589413749412" dump="1589413749412"/><sessioninfo id="" start="1589413749413" dump="1589413749414"/><sessioninfo id="org.schemaspy.util.RailsNamingTest testPluralizeMultiWordTable" start="1589413749415" dump="1589413749416"/><sessioninfo id="" start="1589413749416" dump="1589413749417"/><sessioninfo id="org.schemaspy.util.RailsNamingTest testPluralize" start="1589413749422" dump="1589413749422"/><sessioninfo id="" start="1589413749423" dump="1589413749424"/><sessioninfo id="org.schemaspy.util.DbSpecificOptionTest valueOfOptionCanBeNull" start="1589413749444" dump="1589413749449"/><sessioninfo id="" start="1589413749451" dump="1589413749458"/><sessioninfo id="org.schemaspy.util.DbSpecificConfigTest dumpUsageWithoutHostAndOptionalPort" start="1589413749460" dump="1589413749469"/><sessioninfo id="" start="1589413749474" dump="1589413749474"/><sessioninfo id="org.schemaspy.util.DbSpecificConfigTest worksWithoutHostAndOptionalPort" start="1589413749475" dump="1589413749486"/><sessioninfo id="" start="1589413749487" dump="1589413749487"/><sessioninfo id="org.schemaspy.util.DbSpecificConfigTest worksWithHostAndOptionalPort" start="1589413749488" dump="1589413749488"/><sessioninfo id="" start="1589413749490" dump="1589413749490"/><sessioninfo id="org.schemaspy.util.DbSpecificConfigTest dumpUsageWithHostAndOptionalPort" start="1589413749491" dump="1589413749492"/><sessioninfo id="" start="1589413749494" dump="1589413749496"/><sessioninfo id="org.schemaspy.util.ManifestUtilsTest getImplementationVersion" start="1589413749497" dump="1589413749499"/><sessioninfo id="" start="1589413749502" dump="1589413749507"/><sessioninfo id="org.schemaspy.util.ManifestUtilsTest getImplementationBuild" start="1589413749508" dump="1589413749508"/><sessioninfo id="" start="1589413749509" dump="1589413749514"/><sessioninfo id="org.schemaspy.model.TableTest containerIsSchema" start="1589413749516" dump="1589413749517"/><sessioninfo id="" start="1589413749518" dump="1589413749519"/><sessioninfo id="org.schemaspy.model.TableTest containerIsDatabaseName" start="1589413749520" dump="1589413749520"/><sessioninfo id="" start="1589413749521" dump="1589413749522"/><sessioninfo id="org.schemaspy.model.TableTest containerIsCatalog" start="1589413749523" dump="1589413749523"/><sessioninfo id="" start="1589413749524" dump="1589413749554"/><sessioninfo id="org.schemaspy.model.TableFullNameTest testFullName[0]" start="1589413749556" dump="1589413749556"/><sessioninfo id="" start="1589413749558" dump="1589413749558"/><sessioninfo id="org.schemaspy.model.TableFullNameTest testFullName[1]" start="1589413749559" dump="1589413749559"/><sessioninfo id="" start="1589413749560" dump="1589413749560"/><sessioninfo id="org.schemaspy.model.TableFullNameTest testFullName[2]" start="1589413749561" dump="1589413749561"/><sessioninfo id="" start="1589413749562" dump="1589413749564"/><sessioninfo id="org.schemaspy.model.TableFullNameTest testFullName[3]" start="1589413749564" dump="1589413749565"/><sessioninfo id="" start="1589413749565" dump="1589413749566"/><sessioninfo id="org.schemaspy.model.TableFullNameTest testFullName[4]" start="1589413749566" dump="1589413749566"/><sessioninfo id="" start="1589413749567" dump="1589413749567"/><sessioninfo id="org.schemaspy.model.TableFullNameTest testFullName[5]" start="1589413749568" dump="1589413749568"/><sessioninfo id="" start="1589413749569" dump="1589413749569"/><sessioninfo id="org.schemaspy.model.TableFullNameTest testFullName[6]" start="1589413749570" dump="1589413749570"/><sessioninfo id="" start="1589413749571" dump="1589413749572"/><sessioninfo id="org.schemaspy.model.SchemaTest compareEqualsHash" start="1589413749573" dump="1589413749802"/><sessioninfo id="" start="1589413749805" dump="1589413749811"/><sessioninfo id="org.schemaspy.model.TableIndexTest nameComparison" start="1589413749813" dump="1589413749813"/><sessioninfo id="" start="1589413749814" dump="1589413749814"/><sessioninfo id="org.schemaspy.model.TableIndexTest stringIdComparison" start="1589413749815" dump="1589413749815"/><sessioninfo id="" start="1589413749817" dump="1589413749817"/><sessioninfo id="org.schemaspy.model.TableIndexTest numericIdEquality" start="1589413749818" dump="1589413749818"/><sessioninfo id="" start="1589413749819" dump="1589413749820"/><sessioninfo id="org.schemaspy.model.TableIndexTest numericIdComparison" start="1589413749820" dump="1589413749821"/><sessioninfo id="" start="1589413749822" dump="1589413749824"/><sessioninfo id="org.schemaspy.model.TableIndexTest primaryKeysSortBeforeNonPrimaryKeys" start="1589413749825" dump="1589413749826"/><sessioninfo id="" start="1589413749827" dump="1589413749828"/><sessioninfo id="org.schemaspy.model.TableIndexTest nameEquality" start="1589413749829" dump="1589413749829"/><sessioninfo id="" start="1589413749831" dump="1589413749831"/><sessioninfo id="org.schemaspy.model.TableIndexTest stringIdEquality" start="1589413749832" dump="1589413749832"/><sessioninfo id="" start="1589413749833" dump="1589413749838"/><sessioninfo id="org.schemaspy.model.RoutineTest definition" start="1589413749840" dump="1589413749840"/><sessioninfo id="" start="1589413749841" dump="1589413749844"/><sessioninfo id="org.schemaspy.model.RoutineTest nullDefinitionIsReplacedWithEmptyString" start="1589413749845" dump="1589413749846"/><sessioninfo id="" start="1589413749847" dump="1589413749847"/><sessioninfo id="org.schemaspy.model.CatalogTest compareEqualsHash" start="1589413749849" dump="1589413749917"/><sessioninfo id="" start="1589413749920" dump="1589413749921"/><sessioninfo id="org.schemaspy.view.HtmlMainIndexPageTest descriptionSupportsMarkdown" start="1589413749922" dump="1589413750226"/><sessioninfo id="" start="1589413750240" dump="1589413750241"/><sessioninfo id="org.schemaspy.view.HtmlMainIndexPageTest noRowsTrue_RemovesRowsColumn" start="1589413750242" dump="1589413750251"/><sessioninfo id="" start="1589413750254" dump="1589413750254"/><sessioninfo id="org.schemaspy.view.HtmlMainIndexPageTest noRowsFalse_HasRowsColumn" start="1589413750255" dump="1589413750263"/><sessioninfo id="" start="1589413750266" dump="1589413750267"/><sessioninfo id="org.schemaspy.view.HtmlOrphansPageTest showError" start="1589413750268" dump="1589413750282"/><sessioninfo id="" start="1589413750285" dump="1589413750286"/><sessioninfo id="org.schemaspy.view.HtmlMultipleSchemasIndexPageTest multiMainIndexShouldHaveDescription" start="1589413750289" dump="1589413750330"/><sessioninfo id="" start="1589413750333" dump="1589413750333"/><sessioninfo id="org.schemaspy.view.HtmlMultipleSchemasIndexPageTest multiMainIndexShouldNOTHaveDescription" start="1589413750334" dump="1589413750339"/><sessioninfo id="" start="1589413750342" dump="1589413750350"/><sessioninfo id="org.schemaspy.view.HtmlRelationshipsPageTest willWriteErrorInformation" start="1589413750351" dump="1589413750358"/><sessioninfo id="" start="1589413750362" dump="1589413750376"/><sessioninfo id="org.schemaspy.view.HtmlTablePageTest noRowsFalse_showNoRows" start="1589413750377" dump="1589413750390"/><sessioninfo id="" start="1589413750393" dump="1589413750394"/><sessioninfo id="org.schemaspy.view.HtmlTablePageTest noRowsTrue_hideNoRows" start="1589413750395" dump="1589413750402"/><sessioninfo id="" start="1589413750406" dump="1589413750416"/><sessioninfo id="org.schemaspy.view.HtmlRoutinesPageTest markdownComment" start="1589413750417" dump="1589413750431"/><sessioninfo id="" start="1589413750440" dump="1589413750451"/><sessioninfo id="org.schemaspy.view.FileNameGeneratorTest wontGenerateSameNameForTwoDifferentNames" start="1589413750452" dump="1589413750453"/><sessioninfo id="" start="1589413750455" dump="1589413750455"/><sessioninfo id="org.schemaspy.view.FileNameGeneratorTest wontGenerateSameForSimilar" start="1589413750456" dump="1589413750456"/><sessioninfo id="" start="1589413750458" dump="1589413750458"/><sessioninfo id="org.schemaspy.view.FileNameGeneratorTest nameShorterOrEqualTo40ReturnIt" start="1589413750459" dump="1589413750459"/><sessioninfo id="" start="1589413750461" dump="1589413750461"/><sessioninfo id="org.schemaspy.view.FileNameGeneratorTest willReplaceIllegalCharsWithUnderscoreAndAddHashAsHex" start="1589413750462" dump="1589413750463"/><sessioninfo id="" start="1589413750464" dump="1589413750465"/><sessioninfo id="org.schemaspy.view.FileNameGeneratorTest nameLongerThan40ShortenItTo40" start="1589413750466" dump="1589413750466"/><sessioninfo id="" start="1589413750468" dump="1589413750468"/><sessioninfo id="org.schemaspy.view.FileNameGeneratorTest withJapanese" start="1589413750469" dump="1589413750470"/><sessioninfo id="" start="1589413750471" dump="1589413750484"/><sessioninfo id="org.schemaspy.view.HtmlAnomaliesPageTest columnsWithDefaultValueWordNULL" start="1589413750488" dump="1589413750508"/><sessioninfo id="" start="1589413750511" dump="1589413750511"/><sessioninfo id="org.schemaspy.view.HtmlAnomaliesPageTest tableWithIncrementingColumnNames" start="1589413750513" dump="1589413750516"/><sessioninfo id="" start="1589413750519" dump="1589413750519"/><sessioninfo id="org.schemaspy.view.HtmlAnomaliesPageTest tablesWithoutIndex" start="1589413750520" dump="1589413750522"/><sessioninfo id="" start="1589413750524" dump="1589413750525"/><sessioninfo id="org.schemaspy.view.HtmlAnomaliesPageTest tableWithSingleColumn" start="1589413750526" dump="1589413750528"/><sessioninfo id="" start="1589413750531" dump="1589413750531"/><sessioninfo id="org.schemaspy.view.HtmlAnomaliesPageTest impliedRelationships" start="1589413750532" dump="1589413750535"/><sessioninfo id="" start="1589413750538" dump="1589413750547"/><sessioninfo id="org.schemaspy.view.SqlAnalyzerTest willIdentifySQLServerQuotedTables" start="1589413750549" dump="1589413750562"/><sessioninfo id="" start="1589413750565" dump="1589413750574"/><sessioninfo id="org.schemaspy.view.MustacheCompilerTest setsRootPathToHome" start="1589413750577" dump="1589413750884"/><sessioninfo id="" start="1589413750890" dump="1589413750890"/><sessioninfo id="org.schemaspy.view.MustacheCompilerTest overrideLayoutTest" start="1589413750891" dump="1589413750896"/><sessioninfo id="" start="1589413750899" dump="1589413750900"/><sessioninfo id="org.schemaspy.view.MustacheCompilerTest setsDatabaseName" start="1589413750901" dump="1589413750925"/><sessioninfo id="" start="1589413750930" dump="1589413750931"/><sessioninfo id="org.schemaspy.view.MustacheCompilerTest setsRootPath" start="1589413750932" dump="1589413750934"/><sessioninfo id="" start="1589413750937" dump="1589413750939"/><sessioninfo id="org.schemaspy.cli.DegreeOfSeparationValidatorTest doesNotAllowThree" start="1589413750947" dump="1589413750951"/><sessioninfo id="" start="1589413750953" dump="1589413750953"/><sessioninfo id="org.schemaspy.cli.DegreeOfSeparationValidatorTest doesAllowOne" start="1589413750954" dump="1589413750955"/><sessioninfo id="" start="1589413750956" dump="1589413750956"/><sessioninfo id="org.schemaspy.cli.DegreeOfSeparationValidatorTest doesAllowTwo" start="1589413750957" dump="1589413750957"/><sessioninfo id="" start="1589413750958" dump="1589413750958"/><sessioninfo id="org.schemaspy.cli.DegreeOfSeparationValidatorTest doesNotAllowZero" start="1589413750959" dump="1589413750960"/><sessioninfo id="" start="1589413750961" dump="1589413750962"/><sessioninfo id="org.schemaspy.cli.EnvDefaultProviderTest returnsNullWhenNothingExists" start="1589413750964" dump="1589413750964"/><sessioninfo id="" start="1589413750970" dump="1589413750970"/><sessioninfo id="org.schemaspy.cli.EnvDefaultProviderTest willReturnPATH" start="1589413750972" dump="1589413750973"/><sessioninfo id="" start="1589413750974" dump="1589413750975"/><sessioninfo id="org.schemaspy.cli.EnvDefaultProviderTest willReturnPath" start="1589413750976" dump="1589413750981"/><sessioninfo id="" start="1589413750982" dump="1589413750987"/><sessioninfo id="org.schemaspy.cli.PropertyFileDefaultProviderTest getStringValue" start="1589413750995" dump="1589413750995"/><sessioninfo id="" start="1589413750997" dump="1589413750998"/><sessioninfo id="org.schemaspy.cli.ConfigFileArgumentParserTest givenNoConfigFileArgument_ExpectEmptyConfigFileValue" start="1589413751005" dump="1589413751040"/><sessioninfo id="" start="1589413751042" dump="1589413751042"/><sessioninfo id="org.schemaspy.cli.ConfigFileArgumentParserTest givenConfigFileArguemtn_ExpectToParseItsValue" start="1589413751043" dump="1589413751045"/><sessioninfo id="" start="1589413751047" dump="1589413751057"/><sessioninfo id="org.schemaspy.cli.CombinedDefaultProviderTest getDebugWithValueFalseShouldBeFalse" start="1589413751059" dump="1589413751061"/><sessioninfo id="" start="1589413751063" dump="1589413751063"/><sessioninfo id="org.schemaspy.cli.CombinedDefaultProviderTest willFallbackToSecondIfFirstIsNull" start="1589413751064" dump="1589413751069"/><sessioninfo id="" start="1589413751070" dump="1589413751070"/><sessioninfo id="org.schemaspy.cli.CombinedDefaultProviderTest getSSOWithOutValueShouldBeTrue" start="1589413751071" dump="1589413751072"/><sessioninfo id="" start="1589413751073" dump="1589413751073"/><sessioninfo id="org.schemaspy.cli.CombinedDefaultProviderTest definedOrderIsTheOrder" start="1589413751074" dump="1589413751075"/><sessioninfo id="" start="1589413751077" dump="1589413751077"/><sessioninfo id="org.schemaspy.cli.CombinedDefaultProviderTest getNoHTMLNotDefinedIsFalse" start="1589413751078" dump="1589413751079"/><sessioninfo id="" start="1589413751081" dump="1589413751081"/><sessioninfo id="org.schemaspy.cli.CombinedDefaultProviderTest getNoHTMLWithoutValueIsTrue" start="1589413751082" dump="1589413751082"/><sessioninfo id="" start="1589413751084" dump="1589413751084"/><sessioninfo id="org.schemaspy.cli.CombinedDefaultProviderTest returnsNullIfNullIsEverything" start="1589413751085" dump="1589413751086"/><sessioninfo id="" start="1589413751087" dump="1589413753578"/><sessioninfo id="org.schemaspy.cli.SchemaSpyRunnerTest ioExceptionExitCode_1" start="1589413753608" dump="1589413753679"/><sessioninfo id="" start="1589413753704" dump="1589413754160"/><sessioninfo id="org.schemaspy.cli.SchemaSpyRunnerTest emptySchemaExitCode_2" start="1589413754179" dump="1589413754226"/><sessioninfo id="" start="1589413754243" dump="1589413754702"/><sessioninfo id="org.schemaspy.cli.SchemaSpyRunnerTest connectionFailureExitCode_3" start="1589413754722" dump="1589413754743"/><sessioninfo id="" start="1589413754756" dump="1589413755206"/><sessioninfo id="org.schemaspy.cli.SchemaSpyRunnerTest returnsNoneNullExitCode_0" start="1589413755225" dump="1589413755236"/><sessioninfo id="" start="1589413755242" dump="1589413755243"/><sessioninfo id="org.schemaspy.cli.CommandLineArgumentParserTest givenAllRequiredParamsProvided_ExpectToSuccessfullyParseCommandLineArguments" start="1589413755251" dump="1589413755252"/><sessioninfo id="" start="1589413755254" dump="1589413755254"/><sessioninfo id="org.schemaspy.cli.CommandLineArgumentParserTest degreeOfSeparationIsTwoByDefault" start="1589413755255" dump="1589413755256"/><sessioninfo id="" start="1589413755258" dump="1589413755258"/><sessioninfo id="org.schemaspy.cli.CommandLineArgumentParserTest degreeOfSeparationCanBeSetToOne" start="1589413755260" dump="1589413755261"/><sessioninfo id="" start="1589413755262" dump="1589413755262"/><sessioninfo id="org.schemaspy.cli.CommandLineArgumentParserTest givenNoRequiredParameterProvided_AndNoDefaultProvider_ExpectError" start="1589413755263" dump="1589413755265"/><sessioninfo id="" start="1589413755267" dump="1589413755267"/><sessioninfo id="org.schemaspy.cli.CommandLineArgumentParserTest degreeOfSeparationThreeThrowsException" start="1589413755268" dump="1589413755269"/><sessioninfo id="" start="1589413755271" dump="1589413755272"/><sessioninfo id="org.schemaspy.cli.CommandLineArgumentParserTest canPrintLicense" start="1589413755273" dump="1589413755287"/><sessioninfo id="" start="1589413755290" dump="1589413755290"/><sessioninfo id="org.schemaspy.cli.CommandLineArgumentParserTest printLicenseFlagWorks" start="1589413755291" dump="1589413755292"/><sessioninfo id="" start="1589413755294" dump="1589413755294"/><sessioninfo id="org.schemaspy.cli.CommandLineArgumentParserTest printUsage" start="1589413755296" dump="1589413755298"/><sessioninfo id="" start="1589413755301" dump="1589413755301"/><sessioninfo id="org.schemaspy.cli.CommandLineArgumentParserTest onlyHelpSetsHelpRequiredShowsHelp" start="1589413755303" dump="1589413755303"/><sessioninfo id="" start="1589413755305" dump="1589413755306"/><sessioninfo id="org.schemaspy.cli.CommandLineArgumentParserTest givenNoRequiredParameterAndDefaultProviderWithoutRequiredValue_ExpectError" start="1589413755307" dump="1589413755338"/><sessioninfo id="" start="1589413755346" dump="1589413755347"/><sessioninfo id="org.schemaspy.cli.CommandLineArgumentParserTest ssoIsEnabledInPropertiesFileUserIsNotRequired" start="1589413755348" dump="1589413755362"/><sessioninfo id="" start="1589413755365" dump="1589413755365"/><sessioninfo id="org.schemaspy.cli.CommandLineArgumentParserTest onlyDBHelpSetsDBHelpRequired" start="1589413755367" dump="1589413755368"/><sessioninfo id="" start="1589413755370" dump="1589413755370"/><sessioninfo id="org.schemaspy.cli.CommandLineArgumentParserTest skipHtmlIsFalseByDefault" start="1589413755371" dump="1589413755372"/><sessioninfo id="" start="1589413755374" dump="1589413755374"/><sessioninfo id="org.schemaspy.cli.CommandLineArgumentParserTest ssoIsEnabledOnCommandLineUserIsNotRequired" start="1589413755375" dump="1589413755376"/><sessioninfo id="" start="1589413755378" dump="1589413755378"/><sessioninfo id="org.schemaspy.cli.CommandLineArgumentParserTest givenNoRequiredParameterAndDefaultProviderWithRequiredValue_ExpectSuccess" start="1589413755380" dump="1589413755387"/><sessioninfo id="" start="1589413755390" dump="1589413755390"/><sessioninfo id="org.schemaspy.cli.CommandLineArgumentParserTest skipHtmlCanBeEnabled" start="1589413755392" dump="1589413755392"/><sessioninfo id="" start="1589413755394" dump="1589413755609"/><sessioninfo id="org.schemaspy.MainTest callsSystemExit" start="1589413755621" dump="1589413756617"/><sessioninfo id="" start="1589413756642" dump="1589413756647"/><sessioninfo id="org.schemaspy.input.dbms.validator.NameValidatorTest doesntMatchInclusion" start="1589413756649" dump="1589413756650"/><sessioninfo id="" start="1589413756651" dump="1589413756652"/><sessioninfo id="org.schemaspy.input.dbms.validator.NameValidatorTest typeDoesntMatch" start="1589413756653" dump="1589413756653"/><sessioninfo id="" start="1589413756655" dump="1589413756655"/><sessioninfo id="org.schemaspy.input.dbms.validator.NameValidatorTest valid" start="1589413756656" dump="1589413756656"/><sessioninfo id="" start="1589413756658" dump="1589413756658"/><sessioninfo id="org.schemaspy.input.dbms.validator.NameValidatorTest excluded" start="1589413756660" dump="1589413756660"/><sessioninfo id="" start="1589413756661" dump="1589413756668"/><sessioninfo id="org.schemaspy.input.dbms.SchemaResolverTest schemaIsNullFetchFromJDBCReturnsNullThenThrowsException" start="1589413756669" dump="1589413756971"/><sessioninfo id="" start="1589413756978" dump="1589413756978"/><sessioninfo id="org.schemaspy.input.dbms.SchemaResolverTest schemaIsNullFetchFromJDBC" start="1589413756979" dump="1589413756979"/><sessioninfo id="" start="1589413756981" dump="1589413756981"/><sessioninfo id="org.schemaspy.input.dbms.SchemaResolverTest schemaIsSameIfSet" start="1589413756982" dump="1589413756983"/><sessioninfo id="" start="1589413756984" dump="1589413756994"/><sessioninfo id="org.schemaspy.input.dbms.xml.TableColumnMetaTest autoUpdatedShouldBeTrue" start="1589413756996" dump="1589413756997"/><sessioninfo id="" start="1589413756999" dump="1589413756999"/><sessioninfo id="org.schemaspy.input.dbms.xml.TableColumnMetaTest primaryShouldBeTrue" start="1589413757000" dump="1589413757001"/><sessioninfo id="" start="1589413757002" dump="1589413757003"/><sessioninfo id="org.schemaspy.input.dbms.xml.TableColumnMetaTest shouldDisableImpliedKeys" start="1589413757004" dump="1589413757005"/><sessioninfo id="" start="1589413757006" dump="1589413757006"/><sessioninfo id="org.schemaspy.input.dbms.xml.TableColumnMetaTest shouldDisableDiagramAssociations" start="1589413757007" dump="1589413757008"/><sessioninfo id="" start="1589413757009" dump="1589413757010"/><sessioninfo id="org.schemaspy.input.dbms.xml.TableColumnMetaTest nullableShouldBeTrue" start="1589413757011" dump="1589413757012"/><sessioninfo id="" start="1589413757013" dump="1589413757015"/><sessioninfo id="org.schemaspy.input.dbms.xml.SchemaMetaTest okCommentsInColumn" start="1589413757017" dump="1589413757104"/><sessioninfo id="" start="1589413757106" dump="1589413757106"/><sessioninfo id="org.schemaspy.input.dbms.xml.SchemaMetaTest deprecationWarningRemarksInTable" start="1589413757107" dump="1589413757116"/><sessioninfo id="" start="1589413757117" dump="1589413757118"/><sessioninfo id="org.schemaspy.input.dbms.xml.SchemaMetaTest okCommentsInTable" start="1589413757119" dump="1589413757126"/><sessioninfo id="" start="1589413757129" dump="1589413757129"/><sessioninfo id="org.schemaspy.input.dbms.xml.SchemaMetaTest deprecationWarningRemarksInColumn" start="1589413757130" dump="1589413757138"/><sessioninfo id="" start="1589413757140" dump="1589413757142"/><sessioninfo id="org.schemaspy.input.dbms.DbDriverLoaderTest nativeErrorInConnectThrowsException" start="1589413757146" dump="1589413757426"/><sessioninfo id="" start="1589413757434" dump="1589413757434"/><sessioninfo id="org.schemaspy.input.dbms.DbDriverLoaderTest driverLoaderCachesDrivers" start="1589413757436" dump="1589413757443"/><sessioninfo id="" start="1589413757449" dump="1589413757449"/><sessioninfo id="org.schemaspy.input.dbms.DbDriverLoaderTest willAddDirAndContentIfDpIsADirAndNotAFile" start="1589413757451" dump="1589413757459"/><sessioninfo id="" start="1589413757466" dump="1589413757467"/><sessioninfo id="org.schemaspy.input.dbms.DbDriverLoaderTest willAddDirAndContentIfDpSecondArgIsADirAndNotAFile" start="1589413757468" dump="1589413757472"/><sessioninfo id="" start="1589413757479" dump="1589413757482"/><sessioninfo id="org.schemaspy.input.dbms.DbDriverLoaderTest testLoadAdditionalJarsForDriver" start="1589413757484" dump="1589413757490"/><sessioninfo id="" start="1589413757497" dump="1589413757497"/><sessioninfo id="org.schemaspy.input.dbms.DbDriverLoaderTest firstDriverClassMissingSecondExists" start="1589413757499" dump="1589413757502"/><sessioninfo id="" start="1589413757508" dump="1589413757509"/><sessioninfo id="org.schemaspy.input.dbms.DbDriverLoaderTest driverPathWorks" start="1589413757510" dump="1589413757513"/><sessioninfo id="" start="1589413757520" dump="1589413757521"/><sessioninfo id="org.schemaspy.input.dbms.DbDriverLoaderTest connectionIsNullThrowsException" start="1589413757522" dump="1589413757529"/><sessioninfo id="" start="1589413757536" dump="1589413757536"/><sessioninfo id="org.schemaspy.input.dbms.DbDriverLoaderTest nativeErrorInDriverCreationThrowsException" start="1589413757537" dump="1589413757541"/><sessioninfo id="" start="1589413757546" dump="1589413757546"/><sessioninfo id="org.schemaspy.input.dbms.DbDriverLoaderTest willOnlyAddFileIfFileIsSpecified" start="1589413757548" dump="1589413757549"/><sessioninfo id="" start="1589413757554" dump="1589413757555"/><sessioninfo id="org.schemaspy.input.dbms.DbDriverLoaderTest testGetConnection" start="1589413757555" dump="1589413757557"/><sessioninfo id="" start="1589413757562" dump="1589413757562"/><sessioninfo id="org.schemaspy.input.dbms.DbDriverLoaderTest DriverMissingWithClasspathThrowsException" start="1589413757563" dump="1589413757564"/><sessioninfo id="" start="1589413757567" dump="1589413757567"/><sessioninfo id="org.schemaspy.input.dbms.DbDriverLoaderTest twoDriversBothExists" start="1589413757568" dump="1589413757570"/><sessioninfo id="" start="1589413757572" dump="1589413757573"/><sessioninfo id="org.schemaspy.input.dbms.ConnectionURLBuilderTest shouldReplaceHostAndOrPortWithCustomSeparator" start="1589413757575" dump="1589413757577"/><sessioninfo id="" start="1589413757583" dump="1589413757583"/><sessioninfo id="org.schemaspy.input.dbms.ConnectionURLBuilderTest shouldReplaceHostAndOrPortWithHostAndPortOnlyOnce" start="1589413757584" dump="1589413757585"/><sessioninfo id="" start="1589413757587" dump="1589413757587"/><sessioninfo id="org.schemaspy.input.dbms.ConnectionURLBuilderTest shouldReplaceHostInConnectionSpec" start="1589413757588" dump="1589413757588"/><sessioninfo id="" start="1589413757590" dump="1589413757590"/><sessioninfo id="org.schemaspy.input.dbms.ConnectionURLBuilderTest shouldReplaceHostAndOrPortWithHostAndPort" start="1589413757591" dump="1589413757592"/><sessioninfo id="" start="1589413757594" dump="1589413757595"/><sessioninfo id="org.schemaspy.input.dbms.ConnectionURLBuilderTest shouldReplaceHostAndOrPortWithOnlyHost" start="1589413757596" dump="1589413757597"/><sessioninfo id="" start="1589413757599" dump="1589413757600"/><sessioninfo id="org.schemaspy.input.dbms.service.DurationFormatterTest lessThenOneMinute" start="1589413757606" dump="1589413757607"/><sessioninfo id="" start="1589413757608" dump="1589413757609"/><sessioninfo id="org.schemaspy.input.dbms.service.DurationFormatterTest lessThenOneSecond" start="1589413757610" dump="1589413757610"/><sessioninfo id="" start="1589413757612" dump="1589413757612"/><sessioninfo id="org.schemaspy.input.dbms.service.DurationFormatterTest lessThenOneHour" start="1589413757614" dump="1589413757614"/><sessioninfo id="" start="1589413757616" dump="1589413757616"/><sessioninfo id="org.schemaspy.input.dbms.service.DurationFormatterTest moreThanOneHour" start="1589413757617" dump="1589413757618"/><sessioninfo id="" start="1589413757620" dump="1589413757620"/><sessioninfo id="org.schemaspy.input.dbms.service.DurationFormatterTest exactlyOneMinute" start="1589413757621" dump="1589413757621"/><sessioninfo id="" start="1589413757623" dump="1589413757666"/><sessioninfo id="org.schemaspy.input.dbms.service.IndexServiceIsIndexRowTest TableStatAndOrdinalNotZeroIsNotIndexRow" start="1589413757677" dump="1589413757870"/><sessioninfo id="" start="1589413757882" dump="1589413757882"/><sessioninfo id="org.schemaspy.input.dbms.service.IndexServiceIsIndexRowTest NotTableStatsAndOrdinalNotZeroIsIndexRow" start="1589413757885" dump="1589413757885"/><sessioninfo id="" start="1589413757888" dump="1589413757888"/><sessioninfo id="org.schemaspy.input.dbms.service.IndexServiceIsIndexRowTest NotTableStatAndOrdinalZeroIsNotIndexRow" start="1589413757891" dump="1589413757891"/><sessioninfo id="" start="1589413757894" dump="1589413757895"/><sessioninfo id="org.schemaspy.input.dbms.service.IndexServiceIsIndexRowTest TableStatAndOrdinalZeroIsNotIndexRow" start="1589413757897" dump="1589413757897"/><sessioninfo id="" start="1589413757900" dump="1589413757927"/><sessioninfo id="org.schemaspy.input.dbms.service.TableServiceAddForeignKeyTest addingRemoteTable" start="1589413757939" dump="1589413757945"/><sessioninfo id="" start="1589413757950" dump="1589413757950"/><sessioninfo id="org.schemaspy.input.dbms.service.TableServiceAddForeignKeyTest usesExistingForeignKeyIfExists" start="1589413757952" dump="1589413757953"/><sessioninfo id="" start="1589413757955" dump="1589413757956"/><sessioninfo id="org.schemaspy.input.dbms.service.TableServiceAddForeignKeyTest addsForeignKeyIfMissing" start="1589413757957" dump="1589413757958"/><sessioninfo id="" start="1589413757960" dump="1589413757960"/><sessioninfo id="org.schemaspy.input.dbms.service.TableServiceAddForeignKeyTest addedForeignKeyAndWiring" start="1589413757962" dump="1589413757962"/><sessioninfo id="" start="1589413757964" dump="1589413757964"/><sessioninfo id="org.schemaspy.input.dbms.service.TableServiceAddForeignKeyTest excludingTable" start="1589413757966" dump="1589413757966"/><sessioninfo id="" start="1589413757970" dump="1589413757971"/><sessioninfo id="org.schemaspy.input.dbms.service.TableServiceConnectForeignKeysTest getImportedKeys" start="1589413757974" dump="1589413757975"/><sessioninfo id="" start="1589413757980" dump="1589413757981"/><sessioninfo id="org.schemaspy.input.dbms.service.TableServiceConnectForeignKeysTest getExportedKeys" start="1589413757984" dump="1589413757988"/><sessioninfo id="" start="1589413757992" dump="1589413758009"/><sessioninfo id="org.schemaspy.input.dbms.service.DatabaseServiceTest databaseServiceDoesNotPrintInformationWhenConnectionTablesWillTakeMoreThan30MinutesAndExportedKeysIsDisabled" start="1589413758017" dump="1589413758097"/><sessioninfo id="" start="1589413758107" dump="1589413758107"/><sessioninfo id="org.schemaspy.input.dbms.service.DatabaseServiceTest databaseServiceDoesNotPrintInformationWhenConnectionTablesWillTakeLessThan30Minutes" start="1589413758109" dump="1589413758111"/><sessioninfo id="" start="1589413758114" dump="1589413758114"/><sessioninfo id="org.schemaspy.input.dbms.service.DatabaseServiceTest databaseServicePrintsInformationWhenConnectionTablesWillTakeMoreThan30MinutesAndExportedKeysIsEnabled" start="1589413758115" dump="1589413758117"/><sessioninfo id="" start="1589413758119" dump="1589413758120"/><sessioninfo id="org.schemaspy.input.dbms.service.TableServiceConnectTest remoteExists" start="1589413758123" dump="1589413758195"/><sessioninfo id="" start="1589413758205" dump="1589413758206"/><sessioninfo id="org.schemaspy.input.dbms.service.TableServiceConnectTest addRemote" start="1589413758208" dump="1589413758212"/><sessioninfo id="" start="1589413758216" dump="1589413758229"/><sessioninfo id="org.schemaspy.input.dbms.config.PropertiesFinderTest noSuchResource" start="1589413758231" dump="1589413758232"/><sessioninfo id="" start="1589413758233" dump="1589413758233"/><sessioninfo id="org.schemaspy.input.dbms.config.PropertiesFinderTest shouldNotReturnAFolderFromPath" start="1589413758235" dump="1589413758235"/><sessioninfo id="" start="1589413758237" dump="1589413758237"/><sessioninfo id="org.schemaspy.input.dbms.config.PropertiesFinderTest findOnClassPathWithExtension" start="1589413758238" dump="1589413758240"/><sessioninfo id="" start="1589413758242" dump="1589413758242"/><sessioninfo id="org.schemaspy.input.dbms.config.PropertiesFinderTest findByPathWithExtension" start="1589413758243" dump="1589413758244"/><sessioninfo id="" start="1589413758245" dump="1589413758245"/><sessioninfo id="org.schemaspy.input.dbms.config.PropertiesFinderTest shouldNotReturnAFolderFromClassPath" start="1589413758247" dump="1589413758247"/><sessioninfo id="" start="1589413758249" dump="1589413758249"/><sessioninfo id="org.schemaspy.input.dbms.config.PropertiesFinderTest findByPathWithOutExtension" start="1589413758250" dump="1589413758250"/><sessioninfo id="" start="1589413758252" dump="1589413758252"/><sessioninfo id="org.schemaspy.input.dbms.config.PropertiesFinderTest findOnClassPathWithNoExtension" start="1589413758253" dump="1589413758254"/><sessioninfo id="" start="1589413758255" dump="1589413758274"/><sessioninfo id="org.schemaspy.input.dbms.config.PropertiesResolverTest resolverWillInclude" start="1589413758283" dump="1589413758284"/><sessioninfo id="" start="1589413758287" dump="1589413758287"/><sessioninfo id="org.schemaspy.input.dbms.config.PropertiesResolverTest resolveSingleLevel" start="1589413758288" dump="1589413758289"/><sessioninfo id="" start="1589413758291" dump="1589413758291"/><sessioninfo id="org.schemaspy.input.dbms.config.PropertiesResolverTest resolverWithExtends" start="1589413758293" dump="1589413758294"/><sessioninfo id="" start="1589413758296" dump="1589413758296"/><sessioninfo id="org.schemaspy.input.dbms.config.PropertiesResolverTest noSuchPropertiesFile" start="1589413758298" dump="1589413758301"/><sessioninfo id="" start="1589413758303" dump="1589413758303"/><sessioninfo id="org.schemaspy.input.dbms.config.PropertiesResolverTest invalidInclude" start="1589413758304" dump="1589413758305"/><sessioninfo id="" start="1589413758307" dump="1589413758318"/><sessioninfo id="org.schemaspy.input.dbms.CatalogResolverTest catalogIsNullFetchFromJDBCReturnsNullThenThrowsException" start="1589413758320" dump="1589413758321"/><sessioninfo id="" start="1589413758324" dump="1589413758324"/><sessioninfo id="org.schemaspy.input.dbms.CatalogResolverTest catalogIsNullFetchFromJDBC" start="1589413758325" dump="1589413758325"/><sessioninfo id="" start="1589413758328" dump="1589413758328"/><sessioninfo id="org.schemaspy.input.dbms.CatalogResolverTest catalogIsSameIfSet" start="1589413758330" dump="1589413758330"/><sessioninfo id="org.schemaspy.input.dbms.CatalogResolverTest catalogIsSameIfSet" start="1589413758331" dump="1589413758347"/><package name="org/schemaspy/input/dbms"><class name="org/schemaspy/input/dbms/ConnectionURLBuilder"><method name="&lt;init&gt;" desc="(Lorg/schemaspy/Config;Ljava/util/Properties;)V" line="53"><counter type="INSTRUCTION" missed="0" covered="9"/><counter type="LINE" missed="0" covered="4"/><counter type="COMPLEXITY" missed="0" covered="1"/><counter type="METHOD" missed="0" covered="1"/></method><method name="build" desc="()Ljava/lang/String;" line="59"><counter type="INSTRUCTION" missed="0" covered="68"/><counter type="BRANCH" missed="0" covered="2"/><counter type="LINE" missed="0" covered="11"/><counter type="COMPLEXITY" missed="0" covered="2"/><counter type="METHOD" missed="0" covered="1"/></method><method name="getArgs" desc="()Ljava/util/List;" line="79"><counter type="INSTRUCTION" missed="30" covered="15"/><counter type="BRANCH" missed="3" covered="1"/><counter type="LINE" missed="3" covered="3"/><counter type="COMPLEXITY" missed="2" covered="1"/><counter type="METHOD" missed="0" covered="1"/></method><method name="getParam" desc="(Ljava/util/List;Lorg/schemaspy/util/DbSpecificOption;)Ljava/lang/String;" line="89"><counter type="INSTRUCTION" missed="22" covered="37"/><counter type="BRANCH" missed="3" covered="5"/><counter type="LINE" missed="4" covered="9"/><counter type="COMPLEXITY" missed="3" covered="2"/><counter type="METHOD" missed="0" covered="1"/></method><method name="getHostOptionalPort" desc="()Ljava/lang/String;" line="111"><counter type="INSTRUCTION" missed="7" covered="37"/><counter type="BRANCH" missed="1" covered="5"/><counter type="LINE" missed="1" covered="9"/><counter type="COMPLEXITY" missed="1" covered="3"/><counter type="METHOD" missed="0" covered="1"/></method><method name="&lt;clinit&gt;" desc="()V" line="44"><counter type="INSTRUCTION" missed="0" covered="5"/><counter type="LINE" missed="0" covered="1"/><counter type="COMPLEXITY" missed="0" covered="1"/><counter type="METHOD" missed="0" covered="1"/></method><counter type="INSTRUCTION" missed="59" covered="171"/><counter type="BRANCH" missed="7" covered="13"/><counter type="LINE" missed="8" covered="37"/><counter type="COMPLEXITY" missed="6" covered="10"/><counter type="METHOD" missed="0" covered="6"/><counter type="CLASS" missed="0" covered="1"/></class><class name="org/schemaspy/input/dbms/DbDriverLoader"><method name="&lt;init&gt;" desc="()V" line="52"><counter type="INSTRUCTION" missed="0" covered="6"/><counter type="LINE" missed="0" covered="2"/><counter type="COMPLEXITY" missed="0" covered="1"/><counter type="METHOD" missed="0" covered="1"/></method><method name="getConnection" desc="(Lorg/schemaspy/Config;)Ljava/sql/Connection;" line="61"><counter type="INSTRUCTION" missed="17" covered="30"/><counter type="BRANCH" missed="3" covered="3"/><counter type="LINE" missed="4" covered="7"/><counter type="COMPLEXITY" missed="3" covered="1"/><counter type="METHOD" missed="0" covered="1"/></method><method name="getConnection" desc="(Lorg/schemaspy/Config;Ljava/lang/String;[Ljava/lang/String;Ljava/lang/String;)Ljava/sql/Connection;" line="81"><counter type="INSTRUCTION" missed="6" covered="88"/><counter type="BRANCH" missed="1" covered="5"/><counter type="LINE" missed="1" covered="15"/><counter type="COMPLEXITY" missed="1" covered="3"/><counter type="METHOD" missed="0" covered="1"/></method><method name="toList" desc="([Ljava/lang/String;)Ljava/lang/String;" line="107"><counter type="INSTRUCTION" missed="0" covered="15"/><counter type="BRANCH" missed="0" covered="2"/><counter type="LINE" missed="0" covered="3"/><counter type="COMPLEXITY" missed="0" covered="2"/><counter type="METHOD" missed="0" covered="1"/></method><method name="getDriver" desc="([Ljava/lang/String;Ljava/lang/String;)Ljava/sql/Driver;" line="123"><counter type="INSTRUCTION" missed="15" covered="103"/><counter type="BRANCH" missed="2" covered="12"/><counter type="LINE" missed="3" covered="19"/><counter type="COMPLEXITY" missed="2" covered="6"/><counter type="METHOD" missed="0" covered="1"/></method><method name="getDriverClass" desc="([Ljava/lang/String;Ljava/lang/ClassLoader;)Ljava/lang/Class;" line="167"><counter type="INSTRUCTION" missed="0" covered="36"/><counter type="BRANCH" missed="0" covered="4"/><counter type="LINE" missed="0" covered="9"/><counter type="COMPLEXITY" missed="0" covered="3"/><counter type="METHOD" missed="0" covered="1"/></method><method name="createMessage" desc="([Ljava/lang/String;Ljava/lang/String;Ljava/util/Set;)Ljava/lang/String;" line="182"><counter type="INSTRUCTION" missed="9" covered="100"/><counter type="BRANCH" missed="3" covered="7"/><counter type="LINE" missed="1" covered="26"/><counter type="COMPLEXITY" missed="3" covered="3"/><counter type="METHOD" missed="0" covered="1"/></method><method name="loadAdditionalJarsForDriver" desc="(Ljava/lang/String;Ljava/util/Set;)V" line="215"><counter type="INSTRUCTION" missed="0" covered="52"/><counter type="BRANCH" missed="3" covered="5"/><counter type="LINE" missed="0" covered="10"/><counter type="COMPLEXITY" missed="3" covered="2"/><counter type="METHOD" missed="0" covered="1"/></method><method name="getDriverClassLoader" desc="(Ljava/util/Set;)Ljava/lang/ClassLoader;" line="247"><counter type="INSTRUCTION" missed="0" covered="30"/><counter type="BRANCH" missed="0" covered="2"/><counter type="LINE" missed="0" covered="7"/><counter type="COMPLEXITY" missed="0" covered="2"/><counter type="METHOD" missed="0" covered="1"/></method><method name="getMissingPaths" desc="(Ljava/lang/String;)Ljava/util/List;" line="271"><counter type="INSTRUCTION" missed="0" covered="36"/><counter type="BRANCH" missed="0" covered="4"/><counter type="LINE" missed="0" covered="6"/><counter type="COMPLEXITY" missed="0" covered="3"/><counter type="METHOD" missed="0" covered="1"/></method><method name="getExistingUrls" desc="(Ljava/lang/String;)Ljava/util/Set;" line="290"><counter type="INSTRUCTION" missed="0" covered="46"/><counter type="BRANCH" missed="0" covered="6"/><counter type="LINE" missed="0" covered="9"/><counter type="COMPLEXITY" missed="0" covered="4"/><counter type="METHOD" missed="0" covered="1"/></method><method name="addDirectoryContent" desc="(Ljava/io/File;Ljava/util/Set;)V" line="307"><counter type="INSTRUCTION" missed="0" covered="35"/><counter type="BRANCH" missed="1" covered="5"/><counter type="LINE" missed="0" covered="7"/><counter type="COMPLEXITY" missed="1" covered="3"/><counter type="METHOD" missed="0" covered="1"/></method><method name="lambda$getDriverClassLoader$1" desc="(Ljava/net/URI;)Ljava/net/URL;" line="250"><counter type="INSTRUCTION" missed="3" covered="3"/><counter type="LINE" missed="2" covered="1"/><counter type="COMPLEXITY" missed="0" covered="1"/><counter type="METHOD" missed="0" covered="1"/></method><method name="lambda$loadAdditionalJarsForDriver$0" desc="(Ljava/io/File;Ljava/lang/String;)Z" line="218"><counter type="INSTRUCTION" missed="0" covered="5"/><counter type="LINE" missed="0" covered="1"/><counter type="COMPLEXITY" missed="0" covered="1"/><counter type="METHOD" missed="0" covered="1"/></method><method name="&lt;clinit&gt;" desc="()V" line="54"><counter type="INSTRUCTION" missed="0" covered="9"/><counter type="LINE" missed="0" covered="2"/><counter type="COMPLEXITY" missed="0" covered="1"/><counter type="METHOD" missed="0" covered="1"/></method><counter type="INSTRUCTION" missed="50" covered="594"/><counter type="BRANCH" missed="13" covered="55"/><counter type="LINE" missed="11" covered="124"/><counter type="COMPLEXITY" missed="13" covered="36"/><counter type="METHOD" missed="0" covered="15"/><counter type="CLASS" missed="0" covered="1"/></class><class name="org/schemaspy/input/dbms/CatalogResolver"><method name="&lt;init&gt;" desc="(Ljava/sql/DatabaseMetaData;)V" line="36"><counter type="INSTRUCTION" missed="0" covered="6"/><counter type="LINE" missed="0" covered="3"/><counter type="COMPLEXITY" missed="0" covered="1"/><counter type="METHOD" missed="0" covered="1"/></method><method name="resolveCatalog" desc="(Ljava/lang/String;)Ljava/lang/String;" line="41"><counter type="INSTRUCTION" missed="5" covered="27"/><counter type="BRANCH" missed="0" covered="4"/><counter type="LINE" missed="2" covered="9"/><counter type="COMPLEXITY" missed="0" covered="3"/><counter type="METHOD" missed="0" covered="1"/></method><method name="&lt;clinit&gt;" desc="()V" line="32"><counter type="INSTRUCTION" missed="0" covered="5"/><counter type="LINE" missed="0" covered="1"/><counter type="COMPLEXITY" missed="0" covered="1"/><counter type="METHOD" missed="0" covered="1"/></method><counter type="INSTRUCTION" missed="5" covered="38"/><counter type="BRANCH" missed="0" covered="4"/><counter type="LINE" missed="2" covered="13"/><counter type="COMPLEXITY" missed="0" covered="5"/><counter type="METHOD" missed="0" covered="3"/><counter type="CLASS" missed="0" covered="1"/></class><class name="org/schemaspy/input/dbms/SchemaResolver"><method name="&lt;init&gt;" desc="(Ljava/sql/DatabaseMetaData;)V" line="36"><counter type="INSTRUCTION" missed="0" covered="6"/><counter type="LINE" missed="0" covered="3"/><counter type="COMPLEXITY" missed="0" covered="1"/><counter type="METHOD" missed="0" covered="1"/></method><method name="resolveSchema" desc="(Ljava/lang/String;)Ljava/lang/String;" line="41"><counter type="INSTRUCTION" missed="5" covered="27"/><counter type="BRANCH" missed="0" covered="4"/><counter type="LINE" missed="2" covered="9"/><counter type="COMPLEXITY" missed="0" covered="3"/><counter type="METHOD" missed="0" covered="1"/></method><method name="&lt;clinit&gt;" desc="()V" line="32"><counter type="INSTRUCTION" missed="0" covered="5"/><counter type="LINE" missed="0" covered="1"/><counter type="COMPLEXITY" missed="0" covered="1"/><counter type="METHOD" missed="0" covered="1"/></method><counter type="INSTRUCTION" missed="5" covered="38"/><counter type="BRANCH" missed="0" covered="4"/><counter type="LINE" missed="2" covered="13"/><counter type="COMPLEXITY" missed="0" covered="5"/><counter type="METHOD" missed="0" covered="3"/><counter type="CLASS" missed="0" covered="1"/></class><sourcefile name="CatalogResolver.java"><line nr="32" mi="0" ci="5" mb="0" cb="0"/><line nr="36" mi="0" ci="2" mb="0" cb="0"/><line nr="37" mi="0" ci="3" mb="0" cb="0"/><line nr="38" mi="0" ci="1" mb="0" cb="0"/><line nr="41" mi="0" ci="3" mb="0" cb="2"/><line nr="42" mi="0" ci="2" mb="0" cb="0"/><line nr="44" mi="0" ci="5" mb="0" cb="0"/><line nr="45" mi="0" ci="4" mb="0" cb="0"/><line nr="46" mi="1" ci="0" mb="0" cb="0"/><line nr="47" mi="4" ci="0" mb="0" cb="0"/><line nr="48" mi="0" ci="1" mb="0" cb="0"/><line nr="50" mi="0" ci="3" mb="0" cb="2"/><line nr="51" mi="0" ci="5" mb="0" cb="0"/><line nr="54" mi="0" ci="2" mb="0" cb="0"/><line nr="56" mi="0" ci="2" mb="0" cb="0"/><counter type="INSTRUCTION" missed="5" covered="38"/><counter type="BRANCH" missed="0" covered="4"/><counter type="LINE" missed="2" covered="13"/><counter type="COMPLEXITY" missed="0" covered="5"/><counter type="METHOD" missed="0" covered="3"/><counter type="CLASS" missed="0" covered="1"/></sourcefile><sourcefile name="DbDriverLoader.java"><line nr="52" mi="0" ci="2" mb="0" cb="0"/><line nr="54" mi="0" ci="4" mb="0" cb="0"/><line nr="55" mi="0" ci="5" mb="0" cb="0"/><line nr="57" mi="0" ci="4" mb="0" cb="0"/><line nr="61" mi="0" ci="3" mb="0" cb="0"/><line nr="63" mi="0" ci="6" mb="0" cb="0"/><line nr="64" mi="0" ci="4" mb="1" cb="1"/><line nr="65" mi="4" ci="0" mb="0" cb="0"/><line nr="67" mi="0" ci="6" mb="0" cb="0"/><line nr="68" mi="0" ci="4" mb="0" cb="0"/><line nr="69" mi="0" ci="3" mb="1" cb="1"/><line nr="70" mi="2" ci="0" mb="0" cb="0"/><line nr="72" mi="0" ci="4" mb="1" cb="1"/><line nr="73" mi="3" ci="0" mb="0" cb="0"/><line nr="75" mi="8" ci="0" mb="0" cb="0"/><line nr="81" mi="0" ci="4" mb="0" cb="0"/><line nr="83" mi="0" ci="3" mb="0" cb="0"/><line nr="84" mi="0" ci="3" mb="0" cb="2"/><line nr="85" mi="0" ci="6" mb="0" cb="0"/><line nr="87" mi="0" ci="3" mb="1" cb="1"/><line nr="88" mi="6" ci="0" mb="0" cb="0"/><line nr="93" mi="0" ci="5" mb="0" cb="0"/><line nr="94" mi="0" ci="5" mb="0" cb="0"/><line nr="95" mi="0" ci="2" mb="0" cb="2"/><line nr="96" mi="0" ci="20" mb="0" cb="0"/><line nr="98" mi="0" ci="1" mb="0" cb="0"/><line nr="99" mi="0" ci="17" mb="0" cb="0"/><line nr="100" mi="0" ci="1" mb="0" cb="0"/><line nr="101" mi="0" ci="15" mb="0" cb="0"/><line nr="102" mi="0" ci="1" mb="0" cb="0"/><line nr="103" mi="0" ci="2" mb="0" cb="0"/><line nr="107" mi="0" ci="4" mb="0" cb="2"/><line nr="108" mi="0" ci="4" mb="0" cb="0"/><line nr="110" mi="0" ci="7" mb="0" cb="0"/><line nr="123" mi="0" ci="16" mb="0" cb="2"/><line nr="124" mi="0" ci="14" mb="0" cb="0"/><line nr="125" mi="0" ci="3" mb="0" cb="2"/><line nr="126" mi="0" ci="2" mb="0" cb="0"/><line nr="129" mi="0" ci="4" mb="0" cb="0"/><line nr="130" mi="0" ci="3" mb="0" cb="2"/><line nr="131" mi="0" ci="5" mb="0" cb="0"/><line nr="132" mi="0" ci="2" mb="0" cb="2"/><line nr="133" mi="0" ci="5" mb="0" cb="0"/><line nr="138" mi="0" ci="3" mb="1" cb="1"/><line nr="139" mi="4" ci="0" mb="0" cb="0"/><line nr="143" mi="0" ci="4" mb="0" cb="0"/><line nr="144" mi="0" ci="5" mb="0" cb="0"/><line nr="146" mi="0" ci="3" mb="0" cb="2"/><line nr="147" mi="0" ci="9" mb="0" cb="0"/><line nr="151" mi="0" ci="4" mb="0" cb="0"/><line nr="152" mi="0" ci="3" mb="1" cb="1"/><line nr="153" mi="0" ci="15" mb="0" cb="0"/><line nr="159" mi="1" ci="0" mb="0" cb="0"/><line nr="160" mi="10" ci="0" mb="0" cb="0"/><line nr="161" mi="0" ci="1" mb="0" cb="0"/><line nr="163" mi="0" ci="2" mb="0" cb="0"/><line nr="167" mi="0" ci="2" mb="0" cb="0"/><line nr="168" mi="0" ci="16" mb="0" cb="2"/><line nr="170" mi="0" ci="5" mb="0" cb="0"/><line nr="171" mi="0" ci="1" mb="0" cb="0"/><line nr="172" mi="0" ci="4" mb="0" cb="0"/><line nr="173" mi="0" ci="1" mb="0" cb="0"/><line nr="174" mi="0" ci="3" mb="0" cb="2"/><line nr="175" mi="0" ci="2" mb="0" cb="0"/><line nr="178" mi="0" ci="2" mb="0" cb="0"/><line nr="182" mi="0" ci="4" mb="0" cb="0"/><line nr="183" mi="0" ci="2" mb="0" cb="0"/><line nr="184" mi="0" ci="7" mb="0" cb="0"/><line nr="185" mi="0" ci="2" mb="0" cb="0"/><line nr="186" mi="0" ci="2" mb="0" cb="0"/><line nr="187" mi="2" ci="5" mb="1" cb="1"/><line nr="188" mi="0" ci="2" mb="0" cb="0"/><line nr="189" mi="0" ci="1" mb="0" cb="0"/><line nr="190" mi="0" ci="3" mb="0" cb="0"/><line nr="191" mi="0" ci="2" mb="0" cb="0"/><line nr="192" mi="0" ci="3" mb="1" cb="1"/><line nr="193" mi="7" ci="0" mb="0" cb="0"/><line nr="195" mi="0" ci="4" mb="0" cb="0"/><line nr="196" mi="0" ci="10" mb="0" cb="2"/><line nr="197" mi="0" ci="9" mb="0" cb="0"/><line nr="198" mi="0" ci="1" mb="0" cb="0"/><line nr="200" mi="0" ci="4" mb="0" cb="0"/><line nr="201" mi="0" ci="3" mb="1" cb="1"/><line nr="202" mi="0" ci="6" mb="0" cb="0"/><line nr="203" mi="0" ci="10" mb="0" cb="2"/><line nr="204" mi="0" ci="8" mb="0" cb="0"/><line nr="205" mi="0" ci="1" mb="0" cb="0"/><line nr="206" mi="0" ci="2" mb="0" cb="0"/><line nr="207" mi="0" ci="1" mb="0" cb="0"/><line nr="208" mi="0" ci="3" mb="0" cb="0"/><line nr="209" mi="0" ci="2" mb="0" cb="0"/><line nr="211" mi="0" ci="3" mb="0" cb="0"/><line nr="215" mi="0" ci="10" mb="0" cb="0"/><line nr="216" mi="0" ci="3" mb="1" cb="1"/><line nr="217" mi="0" ci="4" mb="0" cb="0"/><line nr="218" mi="0" ci="5" mb="0" cb="0"/><line nr="221" mi="0" ci="3" mb="0" cb="0"/><line nr="223" mi="0" ci="2" mb="1" cb="1"/><line nr="224" mi="0" ci="16" mb="0" cb="2"/><line nr="225" mi="0" ci="3" mb="1" cb="1"/><line nr="226" mi="0" ci="5" mb="0" cb="0"/><line nr="227" mi="0" ci="5" mb="0" cb="0"/><line nr="232" mi="0" ci="1" mb="0" cb="0"/><line nr="247" mi="0" ci="3" mb="0" cb="2"/><line nr="248" mi="0" ci="5" mb="0" cb="0"/><line nr="250" mi="0" ci="3" mb="0" cb="0"/><line nr="251" mi="1" ci="0" mb="0" cb="0"/><line nr="252" mi="2" ci="0" mb="0" cb="0"/><line nr="254" mi="0" ci="10" mb="0" cb="0"/><line nr="255" mi="0" ci="5" mb="0" cb="0"/><line nr="256" mi="0" ci="1" mb="0" cb="0"/><line nr="257" mi="0" ci="4" mb="0" cb="0"/><line nr="260" mi="0" ci="2" mb="0" cb="0"/><line nr="271" mi="0" ci="4" mb="0" cb="0"/><line nr="273" mi="0" ci="4" mb="0" cb="0"/><line nr="274" mi="0" ci="16" mb="0" cb="2"/><line nr="275" mi="0" ci="6" mb="0" cb="2"/><line nr="276" mi="0" ci="4" mb="0" cb="0"/><line nr="279" mi="0" ci="2" mb="0" cb="0"/><line nr="290" mi="0" ci="4" mb="0" cb="0"/><line nr="292" mi="0" ci="4" mb="0" cb="0"/><line nr="293" mi="0" ci="16" mb="0" cb="2"/><line nr="294" mi="0" ci="5" mb="0" cb="0"/><line nr="295" mi="0" ci="3" mb="0" cb="2"/><line nr="296" mi="0" ci="5" mb="0" cb="0"/><line nr="297" mi="0" ci="3" mb="0" cb="2"/><line nr="298" mi="0" ci="4" mb="0" cb="0"/><line nr="303" mi="0" ci="2" mb="0" cb="0"/><line nr="307" mi="0" ci="3" mb="0" cb="0"/><line nr="308" mi="0" ci="16" mb="0" cb="2"/><line nr="309" mi="0" ci="3" mb="1" cb="1"/><line nr="310" mi="0" ci="5" mb="0" cb="0"/><line nr="311" mi="0" ci="3" mb="0" cb="2"/><line nr="312" mi="0" ci="4" mb="0" cb="0"/><line nr="316" mi="0" ci="1" mb="0" cb="0"/><counter type="INSTRUCTION" missed="50" covered="594"/><counter type="BRANCH" missed="13" covered="55"/><counter type="LINE" missed="11" covered="124"/><counter type="COMPLEXITY" missed="13" covered="36"/><counter type="METHOD" missed="0" covered="15"/><counter type="CLASS" missed="0" covered="1"/></sourcefile><sourcefile name="ConnectionURLBuilder.java"><line nr="44" mi="0" ci="5" mb="0" cb="0"/><line nr="53" mi="0" ci="2" mb="0" cb="0"/><line nr="54" mi="0" ci="3" mb="0" cb="0"/><line nr="55" mi="0" ci="3" mb="0" cb="0"/><line nr="56" mi="0" ci="1" mb="0" cb="0"/><line nr="59" mi="0" ci="3" mb="0" cb="0"/><line nr="60" mi="0" ci="6" mb="0" cb="0"/><line nr="62" mi="0" ci="5" mb="0" cb="0"/><line nr="63" mi="0" ci="10" mb="0" cb="0"/><line nr="64" mi="0" ci="11" mb="0" cb="2"/><line nr="65" mi="0" ci="6" mb="0" cb="0"/><line nr="67" mi="0" ci="4" mb="0" cb="0"/><line nr="70" mi="0" ci="16" mb="0" cb="0"/><line nr="71" mi="0" ci="1" mb="0" cb="0"/><line nr="73" mi="0" ci="4" mb="0" cb="0"/><line nr="75" mi="0" ci="2" mb="0" cb="0"/><line nr="79" mi="0" ci="4" mb="0" cb="0"/><line nr="81" mi="4" ci="9" mb="1" cb="1"/><line nr="82" mi="17" ci="0" mb="2" cb="0"/><line nr="83" mi="8" ci="0" mb="0" cb="0"/><line nr="84" mi="1" ci="0" mb="0" cb="0"/><line nr="85" mi="0" ci="2" mb="0" cb="0"/><line nr="89" mi="0" ci="2" mb="0" cb="0"/><line nr="90" mi="0" ci="12" mb="0" cb="0"/><line nr="92" mi="0" ci="2" mb="1" cb="1"/><line nr="93" mi="0" ci="3" mb="1" cb="1"/><line nr="94" mi="0" ci="6" mb="0" cb="0"/><line nr="96" mi="0" ci="5" mb="0" cb="2"/><line nr="97" mi="0" ci="3" mb="0" cb="0"/><line nr="99" mi="0" ci="2" mb="1" cb="1"/><line nr="100" mi="9" ci="0" mb="0" cb="0"/><line nr="102" mi="4" ci="0" mb="0" cb="0"/><line nr="103" mi="5" ci="0" mb="0" cb="0"/><line nr="104" mi="4" ci="0" mb="0" cb="0"/><line nr="107" mi="0" ci="2" mb="0" cb="0"/><line nr="111" mi="0" ci="4" mb="0" cb="0"/><line nr="112" mi="0" ci="2" mb="1" cb="1"/><line nr="113" mi="7" ci="0" mb="0" cb="0"/><line nr="115" mi="0" ci="6" mb="0" cb="0"/><line nr="116" mi="0" ci="4" mb="0" cb="0"/><line nr="117" mi="0" ci="4" mb="0" cb="2"/><line nr="118" mi="0" ci="2" mb="0" cb="0"/><line nr="120" mi="0" ci="2" mb="0" cb="2"/><line nr="121" mi="0" ci="11" mb="0" cb="0"/><line nr="123" mi="0" ci="2" mb="0" cb="0"/><counter type="INSTRUCTION" missed="59" covered="171"/><counter type="BRANCH" missed="7" covered="13"/><counter type="LINE" missed="8" covered="37"/><counter type="COMPLEXITY" missed="6" covered="10"/><counter type="METHOD" missed="0" covered="6"/><counter type="CLASS" missed="0" covered="1"/></sourcefile><sourcefile name="SchemaResolver.java"><line nr="32" mi="0" ci="5" mb="0" cb="0"/><line nr="36" mi="0" ci="2" mb="0" cb="0"/><line nr="37" mi="0" ci="3" mb="0" cb="0"/><line nr="38" mi="0" ci="1" mb="0" cb="0"/><line nr="41" mi="0" ci="3" mb="0" cb="2"/><line nr="42" mi="0" ci="2" mb="0" cb="0"/><line nr="44" mi="0" ci="5" mb="0" cb="0"/><line nr="45" mi="0" ci="4" mb="0" cb="0"/><line nr="46" mi="1" ci="0" mb="0" cb="0"/><line nr="47" mi="4" ci="0" mb="0" cb="0"/><line nr="48" mi="0" ci="1" mb="0" cb="0"/><line nr="50" mi="0" ci="3" mb="0" cb="2"/><line nr="51" mi="0" ci="5" mb="0" cb="0"/><line nr="53" mi="0" ci="2" mb="0" cb="0"/><line nr="55" mi="0" ci="2" mb="0" cb="0"/><counter type="INSTRUCTION" missed="5" covered="38"/><counter type="BRANCH" missed="0" covered="4"/><counter type="LINE" missed="2" covered="13"/><counter type="COMPLEXITY" missed="0" covered="5"/><counter type="METHOD" missed="0" covered="3"/><counter type="CLASS" missed="0" covered="1"/></sourcefile><counter type="INSTRUCTION" missed="119" covered="841"/><counter type="BRANCH" missed="20" covered="76"/><counter type="LINE" missed="23" covered="187"/><counter type="COMPLEXITY" missed="19" covered="56"/><counter type="METHOD" missed="0" covered="27"/><counter type="CLASS" missed="0" covered="4"/></package><package name="org/schemaspy/logging"><class name="org/schemaspy/logging/StackTraceOmitter"><method name="&lt;init&gt;" desc="()V" line="36"><counter type="INSTRUCTION" missed="0" covered="3"/><counter type="LINE" missed="0" covered="1"/><counter type="COMPLEXITY" missed="0" covered="1"/><counter type="METHOD" missed="0" covered="1"/></method><method name="register" desc="()V" line="43"><counter type="INSTRUCTION" missed="0" covered="7"/><counter type="LINE" missed="0" covered="2"/><counter type="COMPLEXITY" missed="0" covered="1"/><counter type="METHOD" missed="0" covered="1"/></method><method name="hasOmittedStackTrace" desc="()Z" line="47"><counter type="INSTRUCTION" missed="0" covered="3"/><counter type="LINE" missed="0" covered="1"/><counter type="COMPLEXITY" missed="0" covered="1"/><counter type="METHOD" missed="0" covered="1"/></method><method name="convert" desc="(Lch/qos/logback/classic/spi/ILoggingEvent;)Ljava/lang/String;" line="52"><counter type="INSTRUCTION" missed="4" covered="23"/><counter type="BRANCH" missed="1" covered="3"/><counter type="LINE" missed="1" covered="5"/><counter type="COMPLEXITY" missed="1" covered="2"/><counter type="METHOD" missed="0" covered="1"/></method><method name="onApplicationEvent" desc="(Lorg/springframework/boot/context/event/ApplicationStartingEvent;)V" line="63"><counter type="INSTRUCTION" missed="0" covered="3"/><counter type="LINE" missed="0" covered="2"/><counter type="COMPLEXITY" missed="0" covered="1"/><counter type="METHOD" missed="0" covered="1"/></method><method name="&lt;clinit&gt;" desc="()V" line="38"><counter type="INSTRUCTION" missed="0" covered="9"/><counter type="LINE" missed="0" covered="2"/><counter type="COMPLEXITY" missed="0" covered="1"/><counter type="METHOD" missed="0" covered="1"/></method><counter type="INSTRUCTION" missed="4" covered="48"/><counter type="BRANCH" missed="1" covered="3"/><counter type="LINE" missed="1" covered="13"/><counter type="COMPLEXITY" missed="1" covered="7"/><counter type="METHOD" missed="0" covered="6"/><counter type="CLASS" missed="0" covered="1"/></class><sourcefile name="StackTraceOmitter.java"><line nr="36" mi="0" ci="3" mb="0" cb="0"/><line nr="38" mi="0" ci="3" mb="0" cb="0"/><line nr="40" mi="0" ci="6" mb="0" cb="0"/><line nr="43" mi="0" ci="6" mb="0" cb="0"/><line nr="44" mi="0" ci="1" mb="0" cb="0"/><line nr="47" mi="0" ci="3" mb="0" cb="0"/><line nr="52" mi="0" ci="3" mb="1" cb="1"/><line nr="53" mi="4" ci="0" mb="0" cb="0"/><line nr="54" mi="0" ci="4" mb="0" cb="2"/><line nr="55" mi="0" ci="3" mb="0" cb="0"/><line nr="56" mi="0" ci="11" mb="0" cb="0"/><line nr="58" mi="0" ci="2" mb="0" cb="0"/><line nr="63" mi="0" ci="2" mb="0" cb="0"/><line nr="64" mi="0" ci="1" mb="0" cb="0"/><counter type="INSTRUCTION" missed="4" covered="48"/><counter type="BRANCH" missed="1" covered="3"/><counter type="LINE" missed="1" covered="13"/><counter type="COMPLEXITY" missed="1" covered="7"/><counter type="METHOD" missed="0" covered="6"/><counter type="CLASS" missed="0" covered="1"/></sourcefile><counter type="INSTRUCTION" missed="4" covered="48"/><counter type="BRANCH" missed="1" covered="3"/><counter type="LINE" missed="1" covered="13"/><counter type="COMPLEXITY" missed="1" covered="7"/><counter type="METHOD" missed="0" covered="6"/><counter type="CLASS" missed="0" covered="1"/></package><package name="org/schemaspy/output/diagram/graphviz"><class name="org/schemaspy/output/diagram/graphviz/GraphvizVersion"><method name="&lt;init&gt;" desc="(Ljava/lang/String;)V" line="37"><counter type="INSTRUCTION" missed="0" covered="44"/><counter type="BRANCH" missed="1" covered="3"/><counter type="LINE" missed="0" covered="13"/><counter type="COMPLEXITY" missed="1" covered="2"/><counter type="METHOD" missed="0" covered="1"/></method><method name="compareTo" desc="(Lorg/schemaspy/output/diagram/graphviz/GraphvizVersion;)I" line="63"><counter type="INSTRUCTION" missed="0" covered="55"/><counter type="BRANCH" missed="0" covered="8"/><counter type="LINE" missed="0" covered="12"/><counter type="COMPLEXITY" missed="0" covered="5"/><counter type="METHOD" missed="0" covered="1"/></method><method name="equals" desc="(Ljava/lang/Object;)Z" line="81"><counter type="INSTRUCTION" missed="2" covered="12"/><counter type="BRANCH" missed="1" covered="3"/><counter type="LINE" missed="1" covered="2"/><counter type="COMPLEXITY" missed="1" covered="2"/><counter type="METHOD" missed="0" covered="1"/></method><method name="hashCode" desc="()I" line="88"><counter type="INSTRUCTION" missed="3" covered="0"/><counter type="LINE" missed="1" covered="0"/><counter type="COMPLEXITY" missed="1" covered="0"/><counter type="METHOD" missed="1" covered="0"/></method><method name="toString" desc="()Ljava/lang/String;" line="93"><counter type="INSTRUCTION" missed="0" covered="3"/><counter type="LINE" missed="0" covered="1"/><counter type="COMPLEXITY" missed="0" covered="1"/><counter type="METHOD" missed="0" covered="1"/></method><counter type="INSTRUCTION" missed="5" covered="114"/><counter type="BRANCH" missed="2" covered="14"/><counter type="LINE" missed="2" covered="28"/><counter type="COMPLEXITY" missed="3" covered="10"/><counter type="METHOD" missed="1" covered="4"/><counter type="CLASS" missed="0" covered="1"/></class><class name="org/schemaspy/output/diagram/graphviz/GraphvizDot$ProcessOutputReader"><method name="&lt;init&gt;" desc="(Ljava/lang/String;Ljava/io/InputStream;)V" line="264"><counter type="INSTRUCTION" missed="12" covered="0"/><counter type="LINE" missed="5" covered="0"/><counter type="COMPLEXITY" missed="1" covered="0"/><counter type="METHOD" missed="1" covered="0"/></method><method name="run" desc="()V" line="272"><counter type="INSTRUCTION" missed="38" covered="0"/><counter type="BRANCH" missed="6" covered="0"/><counter type="LINE" missed="8" covered="0"/><counter type="COMPLEXITY" missed="4" covered="0"/><counter type="METHOD" missed="1" covered="0"/></method><method name="&lt;clinit&gt;" desc="()V" line="260"><counter type="INSTRUCTION" missed="5" covered="0"/><counter type="LINE" missed="1" covered="0"/><counter type="COMPLEXITY" missed="1" covered="0"/><counter type="METHOD" missed="1" covered="0"/></method><counter type="INSTRUCTION" missed="55" covered="0"/><counter type="BRANCH" missed="6" covered="0"/><counter type="LINE" missed="14" covered="0"/><counter type="COMPLEXITY" missed="6" covered="0"/><counter type="METHOD" missed="3" covered="0"/><counter type="CLASS" missed="1" covered="0"/></class><class name="org/schemaspy/output/diagram/graphviz/GraphvizDot"><method name="&lt;init&gt;" desc="(Lorg/schemaspy/output/diagram/graphviz/GraphvizConfig;)V" line="45"><counter type="INSTRUCTION" missed="0" covered="37"/><counter type="LINE" missed="0" covered="10"/><counter type="COMPLEXITY" missed="0" covered="1"/><counter type="METHOD" missed="0" covered="1"/></method><method name="initVersion" desc="()Lorg/schemaspy/output/diagram/graphviz/GraphvizVersion;" line="64"><counter type="INSTRUCTION" missed="13" covered="52"/><counter type="BRANCH" missed="1" covered="1"/><counter type="LINE" missed="3" covered="11"/><counter type="COMPLEXITY" missed="1" covered="1"/><counter type="METHOD" missed="0" covered="1"/></method><method name="initValidRenders" desc="()V" line="92"><counter type="INSTRUCTION" missed="5" covered="79"/><counter type="BRANCH" missed="0" covered="6"/><counter type="LINE" missed="2" covered="17"/><counter type="COMPLEXITY" missed="0" covered="4"/><counter type="METHOD" missed="0" covered="1"/></method><method name="isValid" desc="()Z" line="118"><counter type="INSTRUCTION" missed="0" covered="19"/><counter type="BRANCH" missed="1" covered="5"/><counter type="LINE" missed="0" covered="1"/><counter type="COMPLEXITY" missed="1" covered="3"/><counter type="METHOD" missed="0" covered="1"/></method><method name="exists" desc="()Z" line="122"><counter type="INSTRUCTION" missed="1" covered="7"/><counter type="BRANCH" missed="1" covered="1"/><counter type="LINE" missed="0" covered="1"/><counter type="COMPLEXITY" missed="1" covered="1"/><counter type="METHOD" missed="0" covered="1"/></method><method name="initRenderer" desc="()Ljava/lang/String;" line="134"><counter type="INSTRUCTION" missed="14" covered="36"/><counter type="BRANCH" missed="5" covered="7"/><counter type="LINE" missed="2" covered="9"/><counter type="COMPLEXITY" missed="4" covered="3"/><counter type="METHOD" missed="0" covered="1"/></method><method name="getImplementationDetails" desc="()Ljava/lang/String;" line="152"><counter type="INSTRUCTION" missed="11" covered="0"/><counter type="LINE" missed="1" covered="0"/><counter type="COMPLEXITY" missed="1" covered="0"/><counter type="METHOD" missed="1" covered="0"/></method><method name="getGraphvizVersion" desc="()Lorg/schemaspy/output/diagram/graphviz/GraphvizVersion;" line="156"><counter type="INSTRUCTION" missed="0" covered="3"/><counter type="LINE" missed="0" covered="1"/><counter type="COMPLEXITY" missed="0" covered="1"/><counter type="METHOD" missed="0" covered="1"/></method><method name="getDiagramFormat" desc="()Ljava/lang/String;" line="167"><counter type="INSTRUCTION" missed="0" covered="11"/><counter type="BRANCH" missed="0" covered="2"/><counter type="LINE" missed="0" covered="1"/><counter type="COMPLEXITY" missed="0" covered="2"/><counter type="METHOD" missed="0" covered="1"/></method><method name="getExe" desc="()Ljava/lang/String;" line="176"><counter type="INSTRUCTION" missed="4" covered="30"/><counter type="BRANCH" missed="1" covered="3"/><counter type="LINE" missed="1" covered="5"/><counter type="COMPLEXITY" missed="1" covered="2"/><counter type="METHOD" missed="0" covered="1"/></method><method name="generateDiagram" desc="(Ljava/io/File;Ljava/io/File;)Ljava/lang/String;" line="195"><counter type="INSTRUCTION" missed="206" covered="0"/><counter type="BRANCH" missed="12" covered="0"/><counter type="LINE" missed="36" covered="0"/><counter type="COMPLEXITY" missed="7" covered="0"/><counter type="METHOD" missed="1" covered="0"/></method><method name="getDisplayableCommand" desc="([Ljava/lang/String;)Ljava/lang/String;" line="250"><counter type="INSTRUCTION" missed="31" covered="0"/><counter type="BRANCH" missed="4" covered="0"/><counter type="LINE" missed="6" covered="0"/><counter type="COMPLEXITY" missed="3" covered="0"/><counter type="METHOD" missed="1" covered="0"/></method><method name="&lt;clinit&gt;" desc="()V" line="41"><counter type="INSTRUCTION" missed="0" covered="5"/><counter type="LINE" missed="0" covered="1"/><counter type="COMPLEXITY" missed="0" covered="1"/><counter type="METHOD" missed="0" covered="1"/></method><counter type="INSTRUCTION" missed="285" covered="279"/><counter type="BRANCH" missed="25" covered="25"/><counter type="LINE" missed="51" covered="57"/><counter type="COMPLEXITY" missed="19" covered="19"/><counter type="METHOD" missed="3" covered="10"/><counter type="CLASS" missed="0" covered="1"/></class><sourcefile name="GraphvizDot.java"><line nr="41" mi="0" ci="5" mb="0" cb="0"/><line nr="45" mi="0" ci="6" mb="0" cb="0"/><line nr="46" mi="0" ci="6" m
[...]
="0"/><line nr="43" mi="0" ci="3" mb="0" cb="2"/><line nr="44" mi="0" ci="15" mb="0" cb="0"/><line nr="46" mi="0" ci="3" mb="0" cb="2"/><line nr="47" mi="0" ci="15" mb="0" cb="0"/><line nr="49" mi="0" ci="3" mb="0" cb="2"/><line nr="50" mi="0" ci="3" mb="0" cb="2"/><line nr="51" mi="0" ci="5" mb="0" cb="0"/><line nr="53" mi="0" ci="16" mb="0" cb="0"/><line nr="56" mi="0" ci="3" mb="1" cb="1"/><line nr="57" mi="3" ci="0" mb="2" cb="0"/><line nr="58" mi="5" ci="0" mb="0" cb="0"/><line nr="60" mi="14" ci="0" mb="0" cb="0"/><line nr="63" mi="0" ci="2" mb="0" cb="0"/><line nr="67" mi="0" ci="4" mb="0" cb="0"/><line nr="68" mi="0" ci="4" mb="0" cb="2"/><line nr="70" mi="0" ci="5" mb="0" cb="0"/><line nr="71" mi="1" ci="0" mb="0" cb="0"/><line nr="72" mi="12" ci="0" mb="0" cb="0"/><line nr="73" mi="2" ci="0" mb="0" cb="0"/><line nr="76" mi="0" ci="2" mb="0" cb="0"/><line nr="80" mi="0" ci="6" mb="0" cb="0"/><counter type="INSTRUCTION" missed="37" covered="114"/><counter type="BRANCH" missed="3" covered="13"/><counter type="LINE" missed="6" covered="19"/><counter type="COMPLEXITY" missed="2" covered="11"/><counter type="METHOD" missed="0" covered="5"/><counter type="CLASS" missed="0" covered="1"/></sourcefile><sourcefile name="DotTableFormatter.java"><line nr="44" mi="2" ci="0" mb="0" cb="0"/><line nr="45" mi="3" ci="0" mb="0" cb="0"/><line nr="46" mi="3" ci="0" mb="0" cb="0"/><line nr="47" mi="1" ci="0" mb="0" cb="0"/><line nr="54" mi="8" ci="0" mb="0" cb="0"/><line nr="61" mi="8" ci="0" mb="0" cb="0"/><line nr="62" mi="1" ci="0" mb="0" cb="0"/><line nr="69" mi="4" ci="0" mb="0" cb="0"/><line nr="70" mi="4" ci="0" mb="0" cb="0"/><line nr="72" mi="2" ci="0" mb="0" cb="0"/><line nr="74" mi="17" ci="0" mb="4" cb="0"/><line nr="75" mi="6" ci="0" mb="0" cb="0"/><line nr="77" mi="6" ci="0" mb="0" cb="0"/><line nr="79" mi="8" ci="0" mb="0" cb="0"/><line nr="80" mi="4" ci="0" mb="0" cb="0"/><line nr="82" mi="4" ci="0" mb="0" cb="0"/><line nr="85" mi="10" ci="0" mb="2" cb="0"/><line nr="86" mi="4" ci="0" mb="2" cb="0"/><line nr="87" mi="1" ci="0" mb="0" cb="0"/><line nr="89" mi="16" ci="0" mb="0" cb="0"/><line nr="90" mi="9" ci="0" mb="0" cb="0"/><line nr="91" mi="1" ci="0" mb="0" cb="0"/><line nr="95" mi="10" ci="0" mb="2" cb="0"/><line nr="96" mi="4" ci="0" mb="2" cb="0"/><line nr="97" mi="2" ci="0" mb="0" cb="0"/><line nr="98" mi="1" ci="0" mb="0" cb="0"/><line nr="100" mi="4" ci="0" mb="0" cb="0"/><line nr="101" mi="4" ci="0" mb="0" cb="0"/><line nr="104" mi="2" ci="0" mb="2" cb="0"/><line nr="105" mi="10" ci="0" mb="2" cb="0"/><line nr="106" mi="6" ci="0" mb="0" cb="0"/><line nr="108" mi="10" ci="0" mb="2" cb="0"/><line nr="109" mi="4" ci="0" mb="2" cb="0"/><line nr="110" mi="1" ci="0" mb="0" cb="0"/><line nr="112" mi="9" ci="0" mb="0" cb="0"/><line nr="113" mi="14" ci="0" mb="0" cb="0"/><line nr="114" mi="1" ci="0" mb="0" cb="0"/><line nr="116" mi="4" ci="0" mb="0" cb="0"/><line nr="117" mi="1" ci="0" mb="0" cb="0"/><line nr="122" mi="6" ci="0" mb="0" cb="0"/><line nr="123" mi="3" ci="0" mb="0" cb="0"/><line nr="124" mi="3" ci="0" mb="2" cb="0"/><line nr="125" mi="4" ci="0" mb="0" cb="0"/><line nr="126" mi="2" ci="0" mb="0" cb="0"/><line nr="128" mi="10" ci="0" mb="2" cb="0"/><line nr="129" mi="15" ci="0" mb="2" cb="0"/><line nr="130" mi="10" ci="0" mb="6" cb="0"/><line nr="131" mi="5" ci="0" mb="0" cb="0"/><line nr="133" mi="4" ci="0" mb="0" cb="0"/><line nr="135" mi="1" ci="0" mb="0" cb="0"/><line nr="136" mi="1" ci="0" mb="0" cb="0"/><line nr="137" mi="1" ci="0" mb="0" cb="0"/><line nr="139" mi="4" ci="0" mb="0" cb="0"/><line nr="143" mi="10" ci="0" mb="2" cb="0"/><line nr="144" mi="10" ci="0" mb="4" cb="0"/><line nr="145" mi="2" ci="0" mb="0" cb="0"/><line nr="146" mi="10" ci="0" mb="4" cb="0"/><line nr="147" mi="2" ci="0" mb="0" cb="0"/><line nr="148" mi="1" ci="0" mb="0" cb="0"/><line nr="151" mi="16" ci="0" mb="0" cb="0"/><line nr="153" mi="4" ci="0" mb="0" cb="0"/><line nr="154" mi="10" ci="0" mb="2" cb="0"/><line nr="155" mi="3" ci="0" mb="2" cb="0"/><line nr="156" mi="6" ci="0" mb="0" cb="0"/><line nr="157" mi="2" ci="0" mb="2" cb="0"/><line nr="158" mi="3" ci="0" mb="0" cb="0"/><line nr="159" mi="6" ci="0" mb="0" cb="0"/><line nr="160" mi="2" ci="0" mb="2" cb="0"/><line nr="161" mi="3" ci="0" mb="0" cb="0"/><line nr="163" mi="4" ci="0" mb="0" cb="0"/><line nr="164" mi="1" ci="0" mb="0" cb="0"/><line nr="166" mi="11" ci="0" mb="2" cb="0"/><line nr="167" mi="4" ci="0" mb="0" cb="0"/><line nr="168" mi="4" ci="0" mb="0" cb="0"/><line nr="169" mi="1" ci="0" mb="0" cb="0"/><line nr="171" mi="3" ci="0" mb="0" cb="0"/><line nr="173" mi="2" ci="0" mb="0" cb="0"/><line nr="177" mi="4" ci="0" mb="0" cb="0"/><line nr="179" mi="11" ci="0" mb="2" cb="0"/><line nr="180" mi="8" ci="0" mb="6" cb="0"/><line nr="181" mi="1" ci="0" mb="0" cb="0"/><line nr="184" mi="11" ci="0" mb="2" cb="0"/><line nr="185" mi="8" ci="0" mb="6" cb="0"/><line nr="186" mi="1" ci="0" mb="0" cb="0"/><line nr="189" mi="4" ci="0" mb="0" cb="0"/><line nr="190" mi="5" ci="0" mb="4" cb="0"/><line nr="191" mi="5" ci="0" mb="0" cb="0"/><line nr="193" mi="4" ci="0" mb="0" cb="0"/><line nr="194" mi="1" ci="0" mb="0" cb="0"/><line nr="196" mi="11" ci="0" mb="2" cb="0"/><line nr="197" mi="8" ci="0" mb="6" cb="0"/><line nr="198" mi="1" ci="0" mb="0" cb="0"/><line nr="201" mi="4" ci="0" mb="0" cb="0"/><line nr="202" mi="5" ci="0" mb="4" cb="0"/><line nr="203" mi="5" ci="0" mb="0" cb="0"/><line nr="205" mi="4" ci="0" mb="0" cb="0"/><line nr="206" mi="1" ci="0" mb="0" cb="0"/><line nr="207" mi="1" ci="0" mb="0" cb="0"/><line nr="209" mi="4" ci="0" mb="0" cb="0"/><line nr="210" mi="10" ci="0" mb="2" cb="0"/><line nr="211" mi="6" ci="0" mb="0" cb="0"/><line nr="213" mi="4" ci="0" mb="0" cb="0"/><line nr="215" mi="2" ci="0" mb="0" cb="0"/><line nr="219" mi="10" ci="0" mb="2" cb="0"/><line nr="220" mi="6" ci="0" mb="0" cb="0"/><line nr="221" mi="2" ci="0" mb="2" cb="0"/><line nr="222" mi="3" ci="0" mb="0" cb="0"/><line nr="224" mi="1" ci="0" mb="0" cb="0"/><line nr="225" mi="1" ci="0" mb="0" cb="0"/><counter type="INSTRUCTION" missed="550" covered="0"/><counter type="BRANCH" missed="90" covered="0"/><counter type="LINE" missed="109" covered="0"/><counter type="COMPLEXITY" missed="51" covered="0"/><counter type="METHOD" missed="6" covered="0"/><counter type="CLASS" missed="1" covered="0"/></sourcefile><sourcefile name="DotConnector.java"><line nr="47" mi="2" ci="0" mb="0" cb="0"/><line nr="48" mi="3" ci="0" mb="0" cb="0"/><line nr="49" mi="3" ci="0" mb="0" cb="0"/><line nr="50" mi="3" ci="0" mb="0" cb="0"/><line nr="51" mi="4" ci="0" mb="0" cb="0"/><line nr="52" mi="4" ci="0" mb="0" cb="0"/><line nr="53" mi="4" ci="0" mb="0" cb="0"/><line nr="54" mi="4" ci="0" mb="0" cb="0"/><line nr="55" mi="1" ci="0" mb="0" cb="0"/><line nr="64" mi="5" ci="0" mb="0" cb="0"/><line nr="68" mi="3" ci="0" mb="0" cb="0"/><line nr="78" mi="12" ci="0" mb="0" cb="0"/><line nr="79" mi="1" ci="0" mb="0" cb="0"/><line nr="82" mi="3" ci="0" mb="0" cb="0"/><line nr="83" mi="1" ci="0" mb="0" cb="0"/><line nr="86" mi="3" ci="0" mb="0" cb="0"/><line nr="87" mi="1" ci="0" mb="0" cb="0"/><line nr="91" mi="4" ci="0" mb="0" cb="0"/><line nr="92" mi="4" ci="0" mb="0" cb="0"/><line nr="93" mi="4" ci="0" mb="2" cb="0"/><line nr="94" mi="6" ci="0" mb="0" cb="0"/><line nr="95" mi="4" ci="0" mb="0" cb="0"/><line nr="97" mi="6" ci="0" mb="0" cb="0"/><line nr="98" mi="4" ci="0" mb="0" cb="0"/><line nr="99" mi="5" ci="0" mb="0" cb="0"/><line nr="100" mi="4" ci="0" mb="0" cb="0"/><line nr="101" mi="4" ci="0" mb="0" cb="0"/><line nr="102" mi="4" ci="0" mb="2" cb="0"/><line nr="103" mi="6" ci="0" mb="0" cb="0"/><line nr="104" mi="4" ci="0" mb="0" cb="0"/><line nr="106" mi="6" ci="0" mb="0" cb="0"/><line nr="107" mi="4" ci="0" mb="0" cb="0"/><line nr="108" mi="5" ci="0" mb="0" cb="0"/><line nr="109" mi="4" ci="0" mb="0" cb="0"/><line nr="110" mi="4" ci="0" mb="0" cb="0"/><line nr="114" mi="2" ci="0" mb="0" cb="0"/><line nr="128" mi="4" ci="0" mb="0" cb="0"/><line nr="129" mi="4" ci="0" mb="0" cb="0"/><line nr="133" mi="4" ci="0" mb="0" cb="0"/><line nr="134" mi="4" ci="0" mb="2" cb="0"/><line nr="135" mi="5" ci="0" mb="0" cb="0"/><line nr="137" mi="4" ci="0" mb="0" cb="0"/><line nr="139" mi="3" ci="0" mb="2" cb="0"/><line nr="140" mi="4" ci="0" mb="0" cb="0"/><line nr="141" mi="4" ci="0" mb="0" cb="0"/><line nr="143" mi="3" ci="0" mb="0" cb="0"/><line nr="147" mi="6" ci="0" mb="0" cb="0"/><line nr="148" mi="2" ci="0" mb="2" cb="0"/><line nr="149" mi="8" ci="0" mb="0" cb="0"/><line nr="150" mi="2" ci="0" mb="2" cb="0"/><line nr="151" mi="6" ci="0" mb="0" cb="0"/><line nr="152" mi="2" ci="0" mb="2" cb="0"/><line nr="153" mi="8" ci="0" mb="0" cb="0"/><line nr="154" mi="7" ci="0" mb="4" cb="0"/><line nr="155" mi="7" ci="0" mb="2" cb="0"/><line nr="156" mi="2" ci="0" mb="0" cb="0"/><line nr="161" mi="3" ci="0" mb="2" cb="0"/><line nr="162" mi="2" ci="0" mb="0" cb="0"/><line nr="163" mi="9" ci="0" mb="2" cb="0"/><line nr="168" mi="10" ci="0" mb="2" cb="0"/><line nr="169" mi="10" ci="0" mb="2" cb="0"/><line nr="170" mi="6" ci="0" mb="0" cb="0"/><line nr="174" mi="3" ci="0" mb="0" cb="0"/><line nr="178" mi="3" ci="0" mb="0" cb="0"/><line nr="182" mi="3" ci="0" mb="0" cb="0"/><line nr="186" mi="3" ci="0" mb="0" cb="0"/><counter type="INSTRUCTION" missed="282" covered="0"/><counter type="BRANCH" missed="28" covered="0"/><counter type="LINE" missed="66" covered="0"/><counter type="COMPLEXITY" missed="28" covered="0"/><counter type="METHOD" missed="14" covered="0"/><counter type="CLASS" missed="1" covered="0"/></sourcefile><sourcefile name="DotConnectorFinder.java"><line nr="35" mi="5" ci="0" mb="0" cb="0"/><line nr="44" mi="2" ci="0" mb="0" cb="0"/><line nr="54" mi="4" ci="0" mb="0" cb="0"/><line nr="56" mi="11" ci="0" mb="2" cb="0"/><line nr="57" mi="9" ci="0" mb="0" cb="0"/><line nr="58" mi="1" ci="0" mb="0" cb="0"/><line nr="60" mi="2" ci="0" mb="0" cb="0"/><line nr="72" mi="4" ci="0" mb="0" cb="0"/><line nr="74" mi="11" ci="0" mb="2" cb="0"/><line nr="75" mi="9" ci="0" mb="0" cb="0"/><line nr="76" mi="1" ci="0" mb="0" cb="0"/><line nr="78" mi="11" ci="0" mb="2" cb="0"/><line nr="79" mi="9" ci="0" mb="0" cb="0"/><line nr="80" mi="1" ci="0" mb="0" cb="0"/><line nr="82" mi="2" ci="0" mb="0" cb="0"/><line nr="92" mi="4" ci="0" mb="0" cb="0"/><line nr="93" mi="5" ci="0" mb="4" cb="0"/><line nr="94" mi="2" ci="0" mb="0" cb="0"/><line nr="96" mi="11" ci="0" mb="2" cb="0"/><line nr="97" mi="3" ci="0" mb="0" cb="0"/><line nr="98" mi="5" ci="0" mb="4" cb="0"/><line nr="99" mi="1" ci="0" mb="0" cb="0"/><line nr="100" mi="7" ci="0" mb="6" cb="0"/><line nr="101" mi="1" ci="0" mb="0" cb="0"/><line nr="102" mi="5" ci="0" mb="0" cb="0"/><line nr="103" mi="4" ci="0" mb="4" cb="0"/><line nr="104" mi="9" ci="0" mb="0" cb="0"/><line nr="106" mi="1" ci="0" mb="0" cb="0"/><line nr="108" mi="11" ci="0" mb="2" cb="0"/><line nr="109" mi="3" ci="0" mb="0" cb="0"/><line nr="110" mi="5" ci="0" mb="4" cb="0"/><line nr="111" mi="1" ci="0" mb="0" cb="0"/><line nr="112" mi="7" ci="0" mb="6" cb="0"/><line nr="113" mi="1" ci="0" mb="0" cb="0"/><line nr="114" mi="5" ci="0" mb="0" cb="0"/><line nr="115" mi="4" ci="0" mb="4" cb="0"/><line nr="116" mi="9" ci="0" mb="0" cb="0"/><line nr="118" mi="1" ci="0" mb="0" cb="0"/><line nr="120" mi="2" ci="0" mb="0" cb="0"/><counter type="INSTRUCTION" missed="189" covered="0"/><counter type="BRANCH" missed="42" covered="0"/><counter type="LINE" missed="39" covered="0"/><counter type="COMPLEXITY" missed="26" covered="0"/><counter type="METHOD" missed="5" covered="0"/><counter type="CLASS" missed="1" covered="0"/></sourcefile><sourcefile name="DotFormatter.java"><line nr="52" mi="2" ci="0" mb="0" cb="0"/><line nr="53" mi="3" ci="0" mb="0" cb="0"/><line nr="54" mi="6" ci="0" mb="0" cb="0"/><line nr="55" mi="8" ci="0" mb="0" cb="0"/><line nr="56" mi="8" ci="0" mb="0" cb="0"/><line nr="57" mi="8" ci="0" mb="0" cb="0"/><line nr="58" mi="1" ci="0" mb="0" cb="0"/><line nr="61" mi="9" ci="0" mb="0" cb="0"/><line nr="62" mi="1" ci="0" mb="0" cb="0"/><line nr="65" mi="10" ci="0" mb="0" cb="0"/><line nr="69" mi="8" ci="0" mb="0" cb="0"/><line nr="73" mi="7" ci="0" mb="0" cb="0"/><line nr="74" mi="1" ci="0" mb="0" cb="0"/><line nr="77" mi="5" ci="0" mb="0" cb="0"/><line nr="78" mi="1" ci="0" mb="0" cb="0"/><counter type="INSTRUCTION" missed="78" covered="0"/><counter type="LINE" missed="15" covered="0"/><counter type="COMPLEXITY" missed="6" covered="0"/><counter type="METHOD" missed="6" covered="0"/><counter type="CLASS" missed="1" covered="0"/></sourcefile><sourcefile name="DotNode.java"><line nr="58" mi="0" ci="4" mb="0" cb="0"/><line nr="59" mi="0" ci="4" mb="0" cb="0"/><line nr="60" mi="0" ci="3" mb="0" cb="0"/><line nr="69" mi="0" ci="5" mb="0" cb="0"/><line nr="70" mi="0" ci="4" mb="0" cb="0"/><line nr="75" mi="0" ci="2" mb="0" cb="0"/><line nr="76" mi="0" ci="3" mb="0" cb="0"/><line nr="77" mi="0" ci="3" mb="0" cb="0"/><line nr="78" mi="0" ci="3" mb="0" cb="0"/><line nr="79" mi="0" ci="5" mb="0" cb="0"/><line nr="80" mi="1" ci="7" mb="1" cb="1"/><line nr="81" mi="0" ci="1" mb="0" cb="0"/><line nr="84" mi="0" ci="4" mb="1" cb="1"/><line nr="85" mi="25" ci="0" mb="2" cb="0"/><line nr="87" mi="0" ci="2" mb="0" cb="2"/><line nr="88" mi="1" ci="19" mb="1" cb="1"/><line nr="90" mi="0" ci="20" mb="0" cb="2"/><line nr="95" mi="3" ci="0" mb="0" cb="0"/><line nr="96" mi="1" ci="0" mb="0" cb="0"/><line nr="99" mi="3" ci="0" mb="0" cb="0"/><line nr="103" mi="5" ci="0" mb="0" cb="0"/><line nr="104" mi="1" ci="0" mb="0" cb="0"/><line nr="108" mi="0" ci="4" mb="0" cb="0"/><line nr="109" mi="0" ci="4" mb="0" cb="0"/><line nr="111" mi="0" ci="24" mb="0" cb="2"/><line nr="112" mi="0" ci="4" mb="0" cb="0"/><line nr="113" mi="1" ci="7" mb="1" cb="1"/><line nr="114" mi="2" ci="6" mb="1" cb="1"/><line nr="116" mi="0" ci="16" mb="0" cb="0"/><line nr="117" mi="0" ci="12" mb="0" cb="0"/><line nr="118" mi="1" ci="26" mb="1" cb="1"/><line nr="119" mi="0" ci="4" mb="0" cb="0"/><line nr="120" mi="0" ci="18" mb="0" cb="0"/><line nr="121" mi="0" ci="4" mb="0" cb="0"/><line nr="122" mi="0" ci="4" mb="0" cb="0"/><line nr="123" mi="0" ci="20" mb="0" cb="0"/><line nr="124" mi="0" ci="15" mb="0" cb="0"/><line nr="125" mi="0" ci="4" mb="0" cb="0"/><line nr="126" mi="0" ci="4" mb="0" cb="0"/><line nr="127" mi="0" ci="4" mb="0" cb="0"/><line nr="128" mi="0" ci="12" mb="0" cb="0"/><line nr="130" mi="0" ci="5" mb="0" cb="0"/><line nr="131" mi="0" ci="4" mb="1" cb="1"/><line nr="132" mi="0" ci="5" mb="0" cb="0"/><line nr="135" mi="0" ci="12" mb="0" cb="0"/><line nr="136" mi="0" ci="8" mb="1" cb="3"/><line nr="137" mi="0" ci="21" mb="0" cb="0"/><line nr="138" mi="0" ci="12" mb="0" cb="0"/><line nr="140" mi="0" ci="17" mb="0" cb="0"/><line nr="141" mi="0" ci="4" mb="0" cb="0"/><line nr="143" mi="0" ci="3" mb="0" cb="0"/><line nr="147" mi="0" ci="4" mb="0" cb="0"/><line nr="148" mi="0" ci="2" mb="0" cb="0"/><line nr="150" mi="0" ci="4" mb="1" cb="1"/><line nr="151" mi="0" ci="3" mb="0" cb="0"/><line nr="152" mi="0" ci="3" mb="0" cb="0"/><line nr="153" mi="0" ci="12" mb="0" cb="2"/><line nr="154" mi="14" ci="4" mb="9" cb="1"/><line nr="155" mi="0" ci="9" mb="0" cb="0"/><line nr="157" mi="2" ci="0" mb="0" cb="0"/><line nr="159" mi="0" ci="1" mb="0" cb="0"/><line nr="162" mi="0" ci="6" mb="2" cb="2"/><line nr="163" mi="12" ci="0" mb="0" cb="0"/><line nr="165" mi="0" ci="3" mb="0" cb="0"/><line nr="169" mi="0" ci="4" mb="0" cb="0"/><line nr="170" mi="4" ci="8" mb="1" cb="1"/><line nr="171" mi="5" ci="0" mb="0" cb="0"/><line nr="172" mi="1" ci="0" mb="0" cb="0"/><line nr="173" mi="0" ci="6" mb="0" cb="0"/><line nr="174" mi="0" ci="2" mb="0" cb="0"/><line nr="178" mi="0" ci="4" mb="0" cb="0"/><line nr="182" mi="0" ci="6" mb="0" cb="0"/><line nr="183" mi="0" ci="12" mb="0" cb="2"/><line nr="184" mi="0" ci="5" mb="0" cb="0"/><line nr="185" mi="0" ci="3" mb="1" cb="1"/><line nr="186" mi="2" ci="0" mb="0" cb="0"/><line nr="188" mi="0" ci="1" mb="0" cb="0"/><line nr="189" mi="0" ci="2" mb="0" cb="0"/><line nr="193" mi="0" ci="4" mb="0" cb="0"/><line nr="194" mi="0" ci="7" mb="0" cb="0"/><line nr="195" mi="0" ci="6" mb="0" cb="0"/><line nr="196" mi="0" ci="9" mb="0" cb="0"/><line nr="197" mi="0" ci="7" mb="0" cb="0"/><line nr="201" mi="0" ci="4" mb="0" cb="0"/><line nr="202" mi="0" ci="4" mb="0" cb="0"/><line nr="203" mi="0" ci="18" mb="0" cb="0"/><line nr="204" mi="0" ci="5" mb="1" cb="1"/><line nr="205" mi="15" ci="0" mb="0" cb="0"/><line nr="206" mi="0" ci="4" mb="1" cb="1"/><line nr="207" mi="14" ci="0" mb="0" cb="0"/><line nr="208" mi="0" ci="4" mb="0" cb="0"/><line nr="209" mi="0" ci="4" mb="0" cb="0"/><line nr="210" mi="0" ci="4" mb="0" cb="0"/><line nr="211" mi="0" ci="4" mb="0" cb="0"/><line nr="212" mi="0" ci="3" mb="1" cb="1"/><line nr="213" mi="5" ci="0" mb="0" cb="0"/><line nr="214" mi="0" ci="3" mb="1" cb="1"/><line nr="215" mi="4" ci="0" mb="0" cb="0"/><line nr="217" mi="0" ci="4" mb="0" cb="0"/><line nr="218" mi="0" ci="13" mb="0" cb="0"/><line nr="219" mi="0" ci="6" mb="0" cb="0"/><line nr="220" mi="0" ci="4" mb="0" cb="0"/><line nr="221" mi="0" ci="4" mb="0" cb="0"/><line nr="222" mi="0" ci="4" mb="0" cb="0"/><line nr="223" mi="0" ci="4" mb="0" cb="0"/><line nr="225" mi="0" ci="4" mb="1" cb="1"/><line nr="226" mi="0" ci="4" mb="0" cb="0"/><line nr="227" mi="0" ci="6" mb="0" cb="0"/><line nr="228" mi="0" ci="4" mb="0" cb="0"/><line nr="229" mi="0" ci="7" mb="0" cb="0"/><line nr="230" mi="0" ci="8" mb="1" cb="3"/><line nr="231" mi="0" ci="4" mb="0" cb="0"/><line nr="232" mi="0" ci="6" mb="0" cb="0"/><line nr="233" mi="0" ci="4" mb="0" cb="0"/><line nr="235" mi="0" ci="4" mb="0" cb="0"/><line nr="237" mi="0" ci="12" mb="0" cb="0"/><line nr="238" mi="0" ci="3" mb="0" cb="0"/><line nr="242" mi="0" ci="4" mb="0" cb="0"/><line nr="243" mi="0" ci="4" mb="0" cb="0"/><line nr="244" mi="0" ci="14" mb="0" cb="0"/><line nr="245" mi="4" ci="7" mb="1" cb="1"/><line nr="246" mi="0" ci="6" mb="2" cb="2"/><line nr="247" mi="0" ci="12" mb="0" cb="0"/><line nr="249" mi="4" ci="0" mb="0" cb="0"/><line nr="251" mi="0" ci="4" mb="0" cb="0"/><line nr="252" mi="0" ci="14" mb="0" cb="0"/><line nr="253" mi="0" ci="4" mb="0" cb="0"/><line nr="254" mi="0" ci="8" mb="2" cb="2"/><line nr="255" mi="0" ci="6" mb="0" cb="0"/><line nr="256" mi="0" ci="4" mb="0" cb="0"/><line nr="257" mi="0" ci="4" mb="1" cb="1"/><line nr="258" mi="0" ci="5" mb="0" cb="0"/><line nr="260" mi="4" ci="0" mb="0" cb="0"/><line nr="262" mi="0" ci="4" mb="0" cb="0"/><line nr="264" mi="0" ci="14" mb="0" cb="0"/><line nr="265" mi="4" ci="7" mb="1" cb="1"/><line nr="266" mi="0" ci="6" mb="2" cb="2"/><line nr="267" mi="0" ci="12" mb="0" cb="0"/><line nr="269" mi="4" ci="0" mb="0" cb="0"/><line nr="270" mi="0" ci="12" mb="0" cb="0"/><line nr="271" mi="0" ci="3" mb="0" cb="0"/><line nr="281" mi="0" ci="4" mb="0" cb="0"/><line nr="286" mi="0" ci="8" mb="0" cb="0"/><line nr="287" mi="1" ci="0" mb="0" cb="0"/><line nr="288" mi="18" ci="0" mb="0" cb="0"/><line nr="289" mi="2" ci="0" mb="0" cb="0"/><counter type="INSTRUCTION" missed="163" covered="837"/><counter type="BRANCH" missed="39" covered="43"/><counter type="LINE" missed="21" covered="125"/><counter type="COMPLEXITY" missed="37" covered="20"/><counter type="METHOD" missed="3" covered="13"/><counter type="CLASS" missed="0" covered="1"/></sourcefile><counter type="INSTRUCTION" missed="1843" covered="1258"/><counter type="BRANCH" missed="246" covered="84"/><counter type="LINE" missed="367" covered="229"/><counter type="COMPLEXITY" missed="188" covered="59"/><counter type="METHOD" missed="47" covered="35"/><counter type="CLASS" missed="10" covered="5"/></package><counter type="INSTRUCTION" missed="12729" covered="13503"/><counter type="BRANCH" missed="1335" covered="935"/><counter type="LINE" missed="2790" covered="3105"/><counter type="COMPLEXITY" missed="1291" covered="1064"/><counter type="METHOD" missed="469" covered="746"/><counter type="CLASS" missed="39" covered="116"/></report>